2022-11-09 07:10:30,653 [INFO] Activator:177 - 


2022-11-09 07:10:30,653 [INFO] Activator:178 - !SESSION log4j initialized
2022-11-09 07:23:40,564 [INFO] McuFinderGlobals:39 - Set McuFinder mode to 2 (CubeIDE integrated)
2022-11-09 07:23:41,033 [INFO] ApplicationProperties:181 - Using Application install path: D:\STM32\STM32CubeIDE_1.7.0\STM32CubeIDE\plugins\com.st.stm32cube.common.mx_6.3.0.202107141111
2022-11-09 07:23:41,048 [INFO] DbMcusXml:74 - Set database path to: D:\STM32\STM32CubeIDE_1.7.0\STM32CubeIDE\plugins\com.st.stm32cube.common.mx_6.3.0.202107141111\\db\/mcu/
2022-11-09 07:23:41,048 [INFO] DbBoardsPdsc:56 - Set plugin database path to: D:\STM32\STM32CubeIDE_1.7.0\STM32CubeIDE\plugins\com.st.stm32cube.common.mx_6.3.0.202107141111\\db\/plugins/boardmanager/
2022-11-09 07:23:41,048 [INFO] DbMcus:258 - Set plugin images path to: D:\STM32\STM32CubeIDE_1.7.0\STM32CubeIDE\plugins\com.st.stm32cube.common.mx_6.3.0.202107141111\\db\/plugins/mcufinder/images/
2022-11-09 07:23:41,048 [INFO] DbBoards:264 - Set plugin images path to: D:\STM32\STM32CubeIDE_1.7.0\STM32CubeIDE\plugins\com.st.stm32cube.common.mx_6.3.0.202107141111\\db\/plugins/mcufinder/images/
2022-11-09 07:23:41,048 [INFO] DbExamples:333 - Set plugin images path to: D:\STM32\STM32CubeIDE_1.7.0\STM32CubeIDE\plugins\com.st.stm32cube.common.mx_6.3.0.202107141111\\db\/plugins/mcufinder/images/
2022-11-09 07:23:41,064 [INFO] DbMcusAds:119 - Set database path to: C:\Users\Luong\.stmcufinder\plugins\mcufinder//mcu/
2022-11-09 07:23:41,064 [INFO] DbMcusDocs:110 - Set database path to: C:\Users\Luong\.stmcufinder\plugins\mcufinder//mcu/
2022-11-09 07:23:41,064 [INFO] DbMcusJson:64 - Set database path to: C:\Users\Luong\.stmcufinder\plugins\mcufinder//mcu/
2022-11-09 07:23:41,064 [INFO] DbBoardsDocs:110 - Set database path to: C:\Users\Luong\.stmcufinder\plugins\mcufinder//mcu/
2022-11-09 07:23:41,064 [INFO] DbBoardsJson:57 - Set database path to: C:\Users\Luong\.stmcufinder\plugins\mcufinder//mcu/
2022-11-09 07:23:41,079 [INFO] CrossReferenceDbSqlite:196 - Set database path to: C:\Users\Luong\.stmcufinder\plugins\mcufinder//mcu/cs/
2022-11-09 07:23:41,079 [INFO] DbExamplesSqlite:767 - Set database path to: C:\Users\Luong\.stmcufinder\plugins\mcufinder//mcu/
2022-11-09 07:23:41,204 [INFO] RulesReader:57 - Compatibility file has been processed (242 Rules)
2022-11-09 07:23:41,314 [INFO] DbMcusXml:74 - Set database path to: D:\STM32\STM32CubeIDE_1.7.0\STM32CubeIDE\plugins\com.st.stm32cube.common.mx_6.3.0.202107141111\\db\/mcu/
2022-11-09 07:23:41,314 [INFO] DbBoardsPdsc:56 - Set plugin database path to: D:\STM32\STM32CubeIDE_1.7.0\STM32CubeIDE\plugins\com.st.stm32cube.common.mx_6.3.0.202107141111\\db\/plugins/boardmanager/
2022-11-09 07:23:41,314 [INFO] DbMcus:258 - Set plugin images path to: D:\STM32\STM32CubeIDE_1.7.0\STM32CubeIDE\plugins\com.st.stm32cube.common.mx_6.3.0.202107141111\\db\/plugins/mcufinder/images/
2022-11-09 07:23:41,314 [INFO] DbBoards:264 - Set plugin images path to: D:\STM32\STM32CubeIDE_1.7.0\STM32CubeIDE\plugins\com.st.stm32cube.common.mx_6.3.0.202107141111\\db\/plugins/mcufinder/images/
2022-11-09 07:23:41,314 [INFO] DbExamples:333 - Set plugin images path to: D:\STM32\STM32CubeIDE_1.7.0\STM32CubeIDE\plugins\com.st.stm32cube.common.mx_6.3.0.202107141111\\db\/plugins/mcufinder/images/
2022-11-09 07:23:41,314 [WARN] DbFile:35 - Overriding database path with different value: C:\Users\Luong\.stmcufinder\plugins\mcufinder/ => C:\Users\Luong\.stmcufinder\plugins\mcufinder
2022-11-09 07:23:41,314 [INFO] DbMcusAds:119 - Set database path to: C:\Users\Luong\.stmcufinder\plugins\mcufinder//mcu/
2022-11-09 07:23:41,314 [WARN] DbFile:35 - Overriding database path with different value: C:\Users\Luong\.stmcufinder\plugins\mcufinder/ => C:\Users\Luong\.stmcufinder\plugins\mcufinder
2022-11-09 07:23:41,314 [INFO] DbMcusDocs:110 - Set database path to: C:\Users\Luong\.stmcufinder\plugins\mcufinder//mcu/
2022-11-09 07:23:41,314 [WARN] DbFile:35 - Overriding database path with different value: C:\Users\Luong\.stmcufinder\plugins\mcufinder/ => C:\Users\Luong\.stmcufinder\plugins\mcufinder
2022-11-09 07:23:41,314 [INFO] DbMcusJson:64 - Set database path to: C:\Users\Luong\.stmcufinder\plugins\mcufinder//mcu/
2022-11-09 07:23:41,314 [WARN] DbFile:35 - Overriding database path with different value: C:\Users\Luong\.stmcufinder\plugins\mcufinder/ => C:\Users\Luong\.stmcufinder\plugins\mcufinder
2022-11-09 07:23:41,314 [INFO] DbBoardsDocs:110 - Set database path to: C:\Users\Luong\.stmcufinder\plugins\mcufinder//mcu/
2022-11-09 07:23:41,314 [WARN] DbFile:35 - Overriding database path with different value: C:\Users\Luong\.stmcufinder\plugins\mcufinder/ => C:\Users\Luong\.stmcufinder\plugins\mcufinder
2022-11-09 07:23:41,314 [INFO] DbBoardsJson:57 - Set database path to: C:\Users\Luong\.stmcufinder\plugins\mcufinder//mcu/
2022-11-09 07:23:41,314 [WARN] DbFile:35 - Overriding database path with different value: C:\Users\Luong\.stmcufinder\plugins\mcufinder/ => C:\Users\Luong\.stmcufinder\plugins\mcufinder
2022-11-09 07:23:41,314 [WARN] DbFile:35 - Overriding database path with different value: C:\Users\Luong\.stmcufinder\plugins\mcufinder/ => C:\Users\Luong\.stmcufinder\plugins\mcufinder
2022-11-09 07:23:41,314 [INFO] CrossReferenceDbSqlite:196 - Set database path to: C:\Users\Luong\.stmcufinder\plugins\mcufinder//mcu/cs/
2022-11-09 07:23:41,314 [WARN] DbFile:35 - Overriding database path with different value: C:\Users\Luong\.stmcufinder\plugins\mcufinder/ => C:\Users\Luong\.stmcufinder\plugins\mcufinder
2022-11-09 07:23:41,314 [INFO] DbExamplesSqlite:767 - Set database path to: C:\Users\Luong\.stmcufinder\plugins\mcufinder//mcu/
2022-11-09 07:23:41,392 [INFO] MainPanel:214 - HeapMemory: 562036736
2022-11-09 07:23:41,501 [INFO] DbMcusXml:74 - Set database path to: D:\STM32\STM32CubeIDE_1.7.0\STM32CubeIDE\plugins\com.st.stm32cube.common.mx_6.3.0.202107141111\\db\/mcu/
2022-11-09 07:23:41,501 [INFO] DbBoardsPdsc:56 - Set plugin database path to: D:\STM32\STM32CubeIDE_1.7.0\STM32CubeIDE\plugins\com.st.stm32cube.common.mx_6.3.0.202107141111\\db\/plugins/boardmanager/
2022-11-09 07:23:41,501 [INFO] DbMcus:258 - Set plugin images path to: D:\STM32\STM32CubeIDE_1.7.0\STM32CubeIDE\plugins\com.st.stm32cube.common.mx_6.3.0.202107141111\\db\/plugins/mcufinder/images/
2022-11-09 07:23:41,501 [INFO] DbBoards:264 - Set plugin images path to: D:\STM32\STM32CubeIDE_1.7.0\STM32CubeIDE\plugins\com.st.stm32cube.common.mx_6.3.0.202107141111\\db\/plugins/mcufinder/images/
2022-11-09 07:23:41,501 [INFO] DbExamples:333 - Set plugin images path to: D:\STM32\STM32CubeIDE_1.7.0\STM32CubeIDE\plugins\com.st.stm32cube.common.mx_6.3.0.202107141111\\db\/plugins/mcufinder/images/
2022-11-09 07:23:41,501 [WARN] DbFile:35 - Overriding database path with different value: C:\Users\Luong\.stmcufinder\plugins\mcufinder/ => C:\Users\Luong\.stmcufinder\plugins\mcufinder
2022-11-09 07:23:41,501 [INFO] DbMcusAds:119 - Set database path to: C:\Users\Luong\.stmcufinder\plugins\mcufinder//mcu/
2022-11-09 07:23:41,501 [WARN] DbFile:35 - Overriding database path with different value: C:\Users\Luong\.stmcufinder\plugins\mcufinder/ => C:\Users\Luong\.stmcufinder\plugins\mcufinder
2022-11-09 07:23:41,501 [INFO] DbMcusDocs:110 - Set database path to: C:\Users\Luong\.stmcufinder\plugins\mcufinder//mcu/
2022-11-09 07:23:41,501 [WARN] DbFile:35 - Overriding database path with different value: C:\Users\Luong\.stmcufinder\plugins\mcufinder/ => C:\Users\Luong\.stmcufinder\plugins\mcufinder
2022-11-09 07:23:41,501 [INFO] DbMcusJson:64 - Set database path to: C:\Users\Luong\.stmcufinder\plugins\mcufinder//mcu/
2022-11-09 07:23:41,501 [WARN] DbFile:35 - Overriding database path with different value: C:\Users\Luong\.stmcufinder\plugins\mcufinder/ => C:\Users\Luong\.stmcufinder\plugins\mcufinder
2022-11-09 07:23:41,501 [INFO] DbBoardsDocs:110 - Set database path to: C:\Users\Luong\.stmcufinder\plugins\mcufinder//mcu/
2022-11-09 07:23:41,501 [WARN] DbFile:35 - Overriding database path with different value: C:\Users\Luong\.stmcufinder\plugins\mcufinder/ => C:\Users\Luong\.stmcufinder\plugins\mcufinder
2022-11-09 07:23:41,501 [INFO] DbBoardsJson:57 - Set database path to: C:\Users\Luong\.stmcufinder\plugins\mcufinder//mcu/
2022-11-09 07:23:41,501 [WARN] DbFile:35 - Overriding database path with different value: C:\Users\Luong\.stmcufinder\plugins\mcufinder/ => C:\Users\Luong\.stmcufinder\plugins\mcufinder
2022-11-09 07:23:41,501 [WARN] DbFile:35 - Overriding database path with different value: C:\Users\Luong\.stmcufinder\plugins\mcufinder/ => C:\Users\Luong\.stmcufinder\plugins\mcufinder
2022-11-09 07:23:41,501 [INFO] CrossReferenceDbSqlite:196 - Set database path to: C:\Users\Luong\.stmcufinder\plugins\mcufinder//mcu/cs/
2022-11-09 07:23:41,501 [WARN] DbFile:35 - Overriding database path with different value: C:\Users\Luong\.stmcufinder\plugins\mcufinder/ => C:\Users\Luong\.stmcufinder\plugins\mcufinder
2022-11-09 07:23:41,501 [INFO] DbExamplesSqlite:767 - Set database path to: C:\Users\Luong\.stmcufinder\plugins\mcufinder//mcu/
2022-11-09 07:23:41,533 [INFO] ApplicationProperties:181 - Using Application install path: D:\STM32\STM32CubeIDE_1.7.0\STM32CubeIDE\plugins\com.st.stm32cube.common.mx_6.3.0.202107141111
2022-11-09 07:23:41,533 [INFO] PluginManage:188 - Search for loadable plugins [exclusion list=, ]
2022-11-09 07:23:41,533 [INFO] PluginManage:302 - Check plugin analytics
2022-11-09 07:23:41,720 [INFO] AnalyticsPlugin:257 - Accepted Software Licenses: 
2022-11-09 07:23:41,720 [INFO] AnalyticsPlugin:259 - Accepted CMSIS Pack Licenses: 
2022-11-09 07:23:41,720 [INFO] AnalyticsPlugin:261 - Accepted Firmware Licenses: 
2022-11-09 07:23:41,720 [INFO] PluginManage:352 - Loaded plugin analytics (category:tool,tabindex:-1)
2022-11-09 07:23:41,720 [INFO] PluginManage:302 - Check plugin clock
2022-11-09 07:23:41,736 [INFO] PluginManage:352 - Loaded plugin clock (category:base,tabindex:2)
2022-11-09 07:23:41,736 [INFO] PluginManage:302 - Check plugin ddr
2022-11-09 07:23:41,751 [INFO] PluginManage:352 - Loaded plugin ddr (category:tool,tabindex:6)
2022-11-09 07:23:41,751 [INFO] PluginManage:302 - Check plugin filemanager
2022-11-09 07:23:41,923 [INFO] PluginManage:352 - Loaded plugin filemanager (category:base,tabindex:10)
2022-11-09 07:23:41,923 [INFO] PluginManage:302 - Check plugin ipmanager
2022-11-09 07:23:41,939 [INFO] PluginManage:352 - Loaded plugin ipmanager (category:base,tabindex:5)
2022-11-09 07:23:41,939 [INFO] PluginManage:302 - Check plugin pinoutandconfiguration
2022-11-09 07:23:41,954 [INFO] PluginManage:352 - Loaded plugin pinoutandconfiguration (category:base,tabindex:1)
2022-11-09 07:23:41,954 [INFO] PluginManage:302 - Check plugin pinoutconfig
2022-11-09 07:23:42,001 [INFO] PluginManage:352 - Loaded plugin pinoutconfig (category:base,tabindex:0)
2022-11-09 07:23:42,001 [INFO] PluginManage:302 - Check plugin power
2022-11-09 07:23:42,017 [INFO] PluginManage:352 - Loaded plugin power (category:power,tabindex:4)
2022-11-09 07:23:42,017 [INFO] PluginManage:302 - Check plugin projectmanager
2022-11-09 07:23:42,032 [INFO] PluginManage:352 - Loaded plugin projectmanager (category:projectmanager,tabindex:3)
2022-11-09 07:23:42,032 [INFO] PluginManage:302 - Check plugin thirdparty
2022-11-09 07:23:42,298 [WARN] IntegrityCheckThread:78 - waiting for thirdparty lock release [integrity check]
2022-11-09 07:23:42,298 [INFO] PluginManage:352 - Loaded plugin thirdparty (category:base,tabindex:-1)
2022-11-09 07:23:42,298 [INFO] IntegrityCheckThread:80 - entering critical section [integrity check]
2022-11-09 07:23:42,298 [INFO] PluginManage:302 - Check plugin tools
2022-11-09 07:23:42,298 [INFO] ThirdPartyUpdaterWithRetryManager:66 - Updater plugin not ready yet. [1/15]
2022-11-09 07:23:42,345 [INFO] PluginManage:352 - Loaded plugin tools (category:base,tabindex:7)
2022-11-09 07:23:42,345 [INFO] PluginManage:302 - Check plugin tutovideos
2022-11-09 07:23:42,642 [INFO] PluginManage:352 - Loaded plugin tutovideos (category:base,tabindex:-1)
2022-11-09 07:23:42,642 [INFO] PluginManage:302 - Check plugin updater
2022-11-09 07:23:42,657 [INFO] PluginManage:352 - Loaded plugin updater (category:base,tabindex:12)
2022-11-09 07:23:42,657 [INFO] PluginManage:275 - PluginManage : Loaded plugins [13]
2022-11-09 07:23:42,876 [INFO] PinOutPanel:1463 - setPackage(No Configuration,No Configuration)
2022-11-09 07:23:43,001 [INFO] IPUIPlugin:74 - create IPUIPlugin
2022-11-09 07:23:43,001 [INFO] PluginManager:213 - loadIPPluginJar : add adc
2022-11-09 07:23:43,032 [INFO] IPUIPlugin:74 - create IPUIPlugin
2022-11-09 07:23:43,032 [INFO] PluginManager:213 - loadIPPluginJar : add aes
2022-11-09 07:23:43,079 [INFO] IPUIPlugin:74 - create IPUIPlugin
2022-11-09 07:23:43,079 [INFO] PluginManager:213 - loadIPPluginJar : add can
2022-11-09 07:23:43,110 [INFO] IPUIPlugin:74 - create IPUIPlugin
2022-11-09 07:23:43,110 [INFO] PluginManager:213 - loadIPPluginJar : add comp
2022-11-09 07:23:43,142 [INFO] IPUIPlugin:74 - create IPUIPlugin
2022-11-09 07:23:43,142 [INFO] PluginManager:213 - loadIPPluginJar : add cryp
2022-11-09 07:23:43,173 [INFO] IPUIPlugin:74 - create IPUIPlugin
2022-11-09 07:23:43,173 [INFO] PluginManager:213 - loadIPPluginJar : add dfsdm
2022-11-09 07:23:43,188 [INFO] IPUIPlugin:74 - create IPUIPlugin
2022-11-09 07:23:43,188 [INFO] PluginManager:213 - loadIPPluginJar : add dma
2022-11-09 07:23:43,235 [INFO] IPUIPlugin:74 - create IPUIPlugin
2022-11-09 07:23:43,235 [INFO] PluginManager:213 - loadIPPluginJar : add dma3
2022-11-09 07:23:43,266 [INFO] IPUIPlugin:74 - create IPUIPlugin
2022-11-09 07:23:43,266 [INFO] PluginManager:213 - loadIPPluginJar : add fatfs
2022-11-09 07:23:43,313 [INFO] IPUIPlugin:74 - create IPUIPlugin
2022-11-09 07:23:43,313 [INFO] PluginManager:213 - loadIPPluginJar : add fmc
2022-11-09 07:23:43,329 [INFO] IPUIPlugin:74 - create IPUIPlugin
2022-11-09 07:23:43,329 [INFO] PluginManager:213 - loadIPPluginJar : add freertos
2022-11-09 07:23:43,345 [INFO] IPUIPlugin:74 - create IPUIPlugin
2022-11-09 07:23:43,345 [INFO] PluginManager:213 - loadIPPluginJar : add genericplugin
2022-11-09 07:23:43,438 [INFO] IPUIPlugin:74 - create IPUIPlugin
2022-11-09 07:23:43,438 [INFO] PluginManager:213 - loadIPPluginJar : add gfxmmu
2022-11-09 07:23:43,563 [INFO] IPUIPlugin:74 - create IPUIPlugin
2022-11-09 07:23:43,563 [INFO] PluginManager:213 - loadIPPluginJar : add gic
2022-11-09 07:23:43,579 [INFO] IPUIPlugin:74 - create IPUIPlugin
2022-11-09 07:23:43,579 [INFO] PluginManager:213 - loadIPPluginJar : add gpio
2022-11-09 07:23:43,657 [INFO] IPUIPlugin:74 - create IPUIPlugin
2022-11-09 07:23:43,657 [INFO] PluginManager:213 - loadIPPluginJar : add gtzc
2022-11-09 07:23:43,688 [INFO] IPUIPlugin:74 - create IPUIPlugin
2022-11-09 07:23:43,688 [INFO] PluginManager:213 - loadIPPluginJar : add hash
2022-11-09 07:23:43,735 [INFO] IPUIPlugin:74 - create IPUIPlugin
2022-11-09 07:23:43,735 [INFO] PluginManager:213 - loadIPPluginJar : add i2c
2022-11-09 07:23:43,782 [INFO] IPUIPlugin:74 - create IPUIPlugin
2022-11-09 07:23:43,782 [INFO] PluginManager:213 - loadIPPluginJar : add i2s
2022-11-09 07:23:43,798 [INFO] IPUIPlugin:74 - create IPUIPlugin
2022-11-09 07:23:43,798 [INFO] PluginManager:213 - loadIPPluginJar : add ipddr
2022-11-09 07:23:43,876 [INFO] IPUIPlugin:74 - create IPUIPlugin
2022-11-09 07:23:43,876 [INFO] PluginManager:213 - loadIPPluginJar : add linkedlist
2022-11-09 07:23:43,923 [INFO] IPUIPlugin:74 - create IPUIPlugin
2022-11-09 07:23:43,923 [INFO] PluginManager:213 - loadIPPluginJar : add lorawan
2022-11-09 07:23:43,954 [INFO] IPUIPlugin:74 - create IPUIPlugin
2022-11-09 07:23:43,954 [INFO] PluginManager:213 - loadIPPluginJar : add ltdc
2022-11-09 07:23:43,969 [INFO] IPUIPlugin:74 - create IPUIPlugin
2022-11-09 07:23:43,969 [INFO] PluginManager:213 - loadIPPluginJar : add mdma
2022-11-09 07:23:43,985 [INFO] IPUIPlugin:74 - create IPUIPlugin
2022-11-09 07:23:43,985 [INFO] PluginManager:213 - loadIPPluginJar : add nvic
2022-11-09 07:23:44,016 [INFO] IPUIPlugin:74 - create IPUIPlugin
2022-11-09 07:23:44,016 [INFO] PluginManager:213 - loadIPPluginJar : add opamp
2022-11-09 07:23:44,079 [INFO] IPUIPlugin:74 - create IPUIPlugin
2022-11-09 07:23:44,079 [INFO] PluginManager:213 - loadIPPluginJar : add openamp
2022-11-09 07:23:44,126 [INFO] IPUIPlugin:74 - create IPUIPlugin
2022-11-09 07:23:44,126 [INFO] PluginManager:213 - loadIPPluginJar : add pdm2pcm
2022-11-09 07:23:44,141 [INFO] IPUIPlugin:74 - create IPUIPlugin
2022-11-09 07:23:44,157 [INFO] PluginManager:213 - loadIPPluginJar : add plateformsettings
2022-11-09 07:23:44,173 [INFO] IPUIPlugin:74 - create IPUIPlugin
2022-11-09 07:23:44,173 [INFO] PluginManager:213 - loadIPPluginJar : add quadspi
2022-11-09 07:23:44,188 [INFO] IPUIPlugin:74 - create IPUIPlugin
2022-11-09 07:23:44,188 [INFO] PluginManager:213 - loadIPPluginJar : add resmgrutility
2022-11-09 07:23:44,251 [INFO] IPUIPlugin:74 - create IPUIPlugin
2022-11-09 07:23:44,251 [INFO] PluginManager:213 - loadIPPluginJar : add sai
2022-11-09 07:23:44,282 [INFO] IPUIPlugin:74 - create IPUIPlugin
2022-11-09 07:23:44,282 [INFO] PluginManager:213 - loadIPPluginJar : add spi
2022-11-09 07:23:44,344 [INFO] IPUIPlugin:74 - create IPUIPlugin
2022-11-09 07:23:44,344 [INFO] PluginManager:213 - loadIPPluginJar : add stm32_wpan
2022-11-09 07:23:44,360 [INFO] IPUIPlugin:74 - create IPUIPlugin
2022-11-09 07:23:44,360 [INFO] PluginManager:213 - loadIPPluginJar : add tim
2022-11-09 07:23:44,422 [INFO] IPUIPlugin:74 - create IPUIPlugin
2022-11-09 07:23:44,422 [INFO] PluginManager:213 - loadIPPluginJar : add touchsensing
2022-11-09 07:23:44,454 [INFO] IPUIPlugin:74 - create IPUIPlugin
2022-11-09 07:23:44,454 [INFO] PluginManager:213 - loadIPPluginJar : add tracer_emb
2022-11-09 07:23:44,485 [INFO] IPUIPlugin:74 - create IPUIPlugin
2022-11-09 07:23:44,485 [INFO] PluginManager:213 - loadIPPluginJar : add ts
2022-11-09 07:23:44,516 [INFO] IPUIPlugin:74 - create IPUIPlugin
2022-11-09 07:23:44,516 [INFO] PluginManager:213 - loadIPPluginJar : add tsc
2022-11-09 07:23:44,532 [INFO] IPUIPlugin:74 - create IPUIPlugin
2022-11-09 07:23:44,532 [INFO] PluginManager:213 - loadIPPluginJar : add ucpd
2022-11-09 07:23:44,579 [INFO] IPUIPlugin:74 - create IPUIPlugin
2022-11-09 07:23:44,579 [INFO] PluginManager:213 - loadIPPluginJar : add usart
2022-11-09 07:23:44,626 [INFO] IPUIPlugin:74 - create IPUIPlugin
2022-11-09 07:23:44,626 [INFO] PluginManager:213 - loadIPPluginJar : add usbx
2022-11-09 07:23:44,943 [FATAL] Updater:294 - Updater called before beeing initialized
2022-11-09 07:23:45,084 [FATAL] Updater:294 - Updater called before beeing initialized
2022-11-09 07:23:45,084 [INFO] DbMcusAds:47 - JSON generation date=Thu Sep 30 13:56:37 ICT 2021 (1632984997303)
2022-11-09 07:23:45,084 [FATAL] Updater:294 - Updater called before beeing initialized
2022-11-09 07:23:45,178 [WARN] DetailPanel:314 - Failed to get advertising image, set to default
2022-11-09 07:23:45,271 [FATAL] Updater:294 - Updater called before beeing initialized
2022-11-09 07:23:45,287 [FATAL] Updater:294 - Updater called before beeing initialized
2022-11-09 07:23:45,287 [FATAL] Updater:294 - Updater called before beeing initialized
2022-11-09 07:23:45,287 [WARN] DetailPanel:314 - Failed to get advertising image, set to default
2022-11-09 07:23:45,287 [FATAL] Updater:294 - Updater called before beeing initialized
2022-11-09 07:23:45,303 [INFO] ThirdPartyUpdaterWithRetryManager:66 - Updater plugin not ready yet. [2/15]
2022-11-09 07:23:45,350 [ERROR] Updater:1075 - MainUpdater not yet initialized. External WinMGr cannot be set.
2022-11-09 07:23:45,365 [INFO] Updater:1012 - Updater Version found : 6.3.0
2022-11-09 07:23:45,381 [INFO] ApplicationProperties:181 - Using Application install path: D:\STM32\STM32CubeIDE_1.7.0\STM32CubeIDE\plugins\com.st.stm32cube.common.mx_6.3.0.202107141111
2022-11-09 07:23:45,779 [INFO] MainUpdater:2671 - connection check result : 10
2022-11-09 07:23:45,779 [INFO] MainUpdater:3359 - Updater definition file requires update
2022-11-09 07:23:45,795 [INFO] MainUpdater:265 - Updater Check For Update Now.
2022-11-09 07:23:45,795 [INFO] MicroXplorer:478 - Change Database Version : DB.6.0.30
2022-11-09 07:23:46,149 [INFO] ServerAccessManage:362 - Download File updaters.zip
2022-11-09 07:23:46,306 [INFO] FileExtend:235 - Unzip File : updaters.zip
2022-11-09 07:23:46,306 [INFO] FileExtend:250 - Standard Zip Deflate
2022-11-09 07:23:47,242 [INFO] ServerAccessManage:362 - Download File PacksControlFlags.xml
2022-11-09 07:23:47,555 [INFO] ServerAccessManage:362 - Download File cubemx.pidx
2022-11-09 07:23:48,017 [INFO] ServerAccessManage:362 - Download File STMicroelectronics.X-CUBE-AI.pdsc
2022-11-09 07:23:48,314 [WARN] MainUpdater:1122 - Updater busy. Cannot search thirdparties
2022-11-09 07:23:48,314 [INFO] ThirdPartyUpdaterWithRetryManager:92 - Updater plugin is busy. [1/15]
2022-11-09 07:23:49,350 [INFO] ServerAccessManage:362 - Download File STMicroelectronics.X-CUBE-ISPU.pdsc
2022-11-09 07:23:50,412 [WARN] PackLoader:238 - Cannot read IP mode file for STMicroelectronics.X-CUBE-AI.7.3.0
2022-11-09 07:23:50,428 [WARN] PackLoader:238 - Cannot read IP mode file for STMicroelectronics.X-CUBE-ISPU.1.1.0
2022-11-09 07:23:50,428 [INFO] PopulateThirdPartyThread:60 - Ending populate Thread
2022-11-09 07:23:50,428 [INFO] ThirdParty:967 - CMSIS Pack Vendor :STMicroelectronics X-CUBE-ISPU 1.1.0
2022-11-09 07:23:50,428 [INFO] ThirdParty:967 - CMSIS Pack Vendor :STMicroelectronics X-CUBE-AI 7.3.0
2022-11-09 07:23:50,428 [INFO] LoadServerUpdatesThread:339 - End of LoadServerUpdate Thread
2022-11-09 07:23:50,537 [INFO] CheckServerUpdateThread:112 - End of CheckServer Thread
2022-11-09 07:23:50,584 [INFO] MainUpdater:2671 - connection check result : 10
2022-11-09 07:23:50,600 [INFO] McuFinderGlobals:52 - Set McuFinderConnectedMode to true
2022-11-09 07:23:50,915 [INFO] ServerAccessManage:362 - Download File mcusAds.json._tmp_
2022-11-09 07:23:51,056 [INFO] LoadUrlFilesThread:145 - End of LoadUrlFiles Thread
2022-11-09 07:23:51,330 [WARN] MainUpdater:1122 - Updater busy. Cannot search thirdparties
2022-11-09 07:23:51,330 [INFO] ThirdPartyUpdaterWithRetryManager:92 - Updater plugin is busy. [2/15]
2022-11-09 07:23:52,001 [INFO] ServerAccessManage:362 - Download File mcusDocs.json._tmp_
2022-11-09 07:23:52,954 [INFO] LoadUrlFilesThread:145 - End of LoadUrlFiles Thread
2022-11-09 07:23:53,188 [INFO] ServerAccessManage:362 - Download File mcusFeaturesAndDescription.json._tmp_
2022-11-09 07:23:54,339 [WARN] MainUpdater:1122 - Updater busy. Cannot search thirdparties
2022-11-09 07:23:54,339 [INFO] ThirdPartyUpdaterWithRetryManager:92 - Updater plugin is busy. [3/15]
2022-11-09 07:23:57,354 [WARN] MainUpdater:1122 - Updater busy. Cannot search thirdparties
2022-11-09 07:23:57,354 [INFO] ThirdPartyUpdaterWithRetryManager:92 - Updater plugin is busy. [4/15]
2022-11-09 07:23:57,635 [INFO] LoadUrlFilesThread:145 - End of LoadUrlFiles Thread
2022-11-09 07:23:57,898 [INFO] ServerAccessManage:362 - Download File boardsDocs.json._tmp_
2022-11-09 07:23:58,054 [INFO] LoadUrlFilesThread:145 - End of LoadUrlFiles Thread
2022-11-09 07:23:58,290 [INFO] ServerAccessManage:362 - Download File boards.json._tmp_
2022-11-09 07:23:58,728 [INFO] LoadUrlFilesThread:145 - End of LoadUrlFiles Thread
2022-11-09 07:23:58,994 [INFO] ServerAccessManage:362 - Download File cube-finder-db.zip
2022-11-09 07:24:00,369 [WARN] MainUpdater:1122 - Updater busy. Cannot search thirdparties
2022-11-09 07:24:00,369 [INFO] ThirdPartyUpdaterWithRetryManager:92 - Updater plugin is busy. [5/15]
2022-11-09 07:24:03,384 [WARN] MainUpdater:1122 - Updater busy. Cannot search thirdparties
2022-11-09 07:24:03,384 [INFO] ThirdPartyUpdaterWithRetryManager:92 - Updater plugin is busy. [6/15]
2022-11-09 07:24:06,399 [WARN] MainUpdater:1122 - Updater busy. Cannot search thirdparties
2022-11-09 07:24:06,399 [INFO] ThirdPartyUpdaterWithRetryManager:92 - Updater plugin is busy. [7/15]
2022-11-09 07:24:09,414 [WARN] MainUpdater:1122 - Updater busy. Cannot search thirdparties
2022-11-09 07:24:09,414 [INFO] ThirdPartyUpdaterWithRetryManager:92 - Updater plugin is busy. [8/15]
2022-11-09 07:24:12,370 [INFO] FileExtend:235 - Unzip File : cube-finder-db.zip
2022-11-09 07:24:12,370 [INFO] FileExtend:250 - Standard Zip Deflate
2022-11-09 07:24:12,417 [WARN] MainUpdater:1122 - Updater busy. Cannot search thirdparties
2022-11-09 07:24:12,417 [INFO] ThirdPartyUpdaterWithRetryManager:92 - Updater plugin is busy. [9/15]
2022-11-09 07:24:13,073 [INFO] LoadUrlFilesThread:145 - End of LoadUrlFiles Thread
2022-11-09 07:24:14,284 [INFO] ServerAccessManage:362 - Download File crdb.zip
2022-11-09 07:24:15,431 [WARN] MainUpdater:1122 - Updater busy. Cannot search thirdparties
2022-11-09 07:24:15,431 [INFO] ThirdPartyUpdaterWithRetryManager:92 - Updater plugin is busy. [10/15]
2022-11-09 07:24:15,931 [INFO] FileExtend:235 - Unzip File : crdb.zip
2022-11-09 07:24:15,931 [INFO] FileExtend:250 - Standard Zip Deflate
2022-11-09 07:24:16,072 [INFO] LoadUrlFilesThread:145 - End of LoadUrlFiles Thread
2022-11-09 07:24:16,409 [INFO] ServerAccessManage:362 - Download File tutoVideoDB.zip
2022-11-09 07:24:16,472 [INFO] FileExtend:235 - Unzip File : tutoVideoDB.zip
2022-11-09 07:24:16,472 [INFO] FileExtend:250 - Standard Zip Deflate
2022-11-09 07:24:16,597 [INFO] LoadUrlFilesThread:145 - End of LoadUrlFiles Thread
2022-11-09 07:24:16,597 [INFO] DbMcusAds:47 - JSON generation date=Thu Sep 30 13:56:37 ICT 2021 (1632984997303)
2022-11-09 07:24:16,612 [INFO] DbMcusDocs:143 - JSON generation date=Tue Nov 16 23:17:54 ICT 2021 (1637079474)
2022-11-09 07:24:16,612 [INFO] DbMcusXml:100 - Load MCU database from D:\STM32\STM32CubeIDE_1.7.0\STM32CubeIDE\plugins\com.st.stm32cube.common.mx_6.3.0.202107141111\\db\/mcu/families.xml
2022-11-09 07:24:17,754 [INFO] DbMcusJson:93 - JSON generation date=Tue Nov 16 23:17:54 ICT 2021 (1637079474)
2022-11-09 07:24:18,692 [WARN] PackLoader:238 - Cannot read IP mode file for STMicroelectronics.X-CUBE-GNSS1.6.0.0
2022-11-09 07:24:18,770 [WARN] PackLoader:238 - Cannot read IP mode file for STMicroelectronics.X-CUBE-AZRTOS-F4.1.1.0
2022-11-09 07:24:18,801 [WARN] PackLoader:238 - Cannot read IP mode file for STMicroelectronics.X-CUBE-BLEMGR.1.2.0
2022-11-09 07:24:18,801 [INFO] DbMcus:175 - Found 1951 MCUs (1903 are supported by CubeMX, 1914 are visible in CubeMX)
2022-11-09 07:24:18,801 [INFO] ApiDb:251 - Load user favorites file C:\Users\Luong/.stm32cubeide/favorites.mcus.txt: 0 item(s)
2022-11-09 07:24:18,801 [INFO] ApiDb:255 - User favorites MCUs=[]
2022-11-09 07:24:18,801 [INFO] DbMcus:187 - Set 0 / 0 favorites MCUs
2022-11-09 07:24:18,848 [WARN] PackLoader:238 - Cannot read IP mode file for STMicroelectronics.X-CUBE-AZRTOS-F7.1.1.0
2022-11-09 07:24:18,864 [WARN] PackLoader:238 - Cannot read IP mode file for STMicroelectronics.X-CUBE-BLE1.6.2.3
2022-11-09 07:24:18,879 [WARN] PackLoader:238 - Cannot read IP mode file for STMicroelectronics.X-CUBE-NFC4.2.0.4
2022-11-09 07:24:18,895 [WARN] PackLoader:238 - Cannot read IP mode file for wolfSSL.I-CUBE-wolfSSL.5.5.1
2022-11-09 07:24:18,895 [WARN] PackLoader:238 - Cannot read IP mode file for STMicroelectronics.X-CUBE-NFC7.1.0.0
2022-11-09 07:24:18,989 [WARN] PackLoader:238 - Cannot read IP mode file for STMicroelectronics.X-CUBE-MEMS1.9.3.0
2022-11-09 07:24:19,301 [WARN] PackLoader:238 - Cannot read IP mode file for STMicroelectronics.X-CUBE-AI.7.2.0
2022-11-09 07:24:19,317 [WARN] PackLoader:238 - Cannot read IP mode file for STMicroelectronics.X-CUBE-SFXS2LP1.4.0.0
2022-11-09 07:24:19,332 [WARN] PackLoader:238 - Cannot read IP mode file for STMicroelectronics.X-CUBE-BLE2.3.3.0
2022-11-09 07:24:19,348 [WARN] PackLoader:238 - Cannot read IP mode file for STMicroelectronics.X-CUBE-DISPLAY.2.2.0
2022-11-09 07:24:19,363 [WARN] PackLoader:238 - Cannot read IP mode file for STMicroelectronics.X-CUBE-TOF1.3.2.0
2022-11-09 07:24:19,379 [WARN] PackLoader:238 - Cannot read IP mode file for STMicroelectronics.X-CUBE-ISPU.1.0.0
2022-11-09 07:24:19,395 [WARN] PackLoader:238 - Cannot read IP mode file for STMicroelectronics.X-CUBE-ISPU.1.1.0
2022-11-09 07:24:19,410 [WARN] PackLoader:238 - Cannot read IP mode file for RoweBots.I-CUBE-UNISONRTOS.5.5.0-4
2022-11-09 07:24:19,442 [WARN] PackLoader:238 - Cannot read IP mode file for STMicroelectronics.X-CUBE-AZRTOS-H7.2.1.0
2022-11-09 07:24:19,457 [WARN] PackLoader:238 - Cannot read IP mode file for STMicroelectronics.X-CUBE-AI.7.3.0
2022-11-09 07:24:19,473 [WARN] PackLoader:238 - Cannot read IP mode file for STMicroelectronics.X-CUBE-ALGOBUILD.1.3.0
2022-11-09 07:24:19,504 [WARN] PackLoader:238 - Cannot read IP mode file for STMicroelectronics.X-CUBE-AZRTOS-G0.1.1.0
2022-11-09 07:24:19,535 [WARN] PackLoader:238 - Cannot read IP mode file for STMicroelectronics.X-CUBE-SUBG2.5.0.0
2022-11-09 07:24:19,617 [WARN] PackLoader:238 - Cannot read IP mode file for SEGGER.I-CUBE-embOS.1.2.1
2022-11-09 07:24:19,758 [WARN] PackLoader:238 - Cannot read IP mode file for STMicroelectronics.FP-ATR-ASTRA1.1.1.1
2022-11-09 07:24:19,789 [WARN] PackLoader:238 - Cannot read IP mode file for STMicroelectronics.X-CUBE-AZRTOS-G4.1.0.0
2022-11-09 07:24:19,805 [WARN] PackLoader:238 - Cannot read IP mode file for STMicroelectronics.FP-ATR-SIGFOX1.3.2.0
2022-11-09 07:24:19,852 [INFO] DbMcusDocs:79 - Found 682 MCUs documents
2022-11-09 07:24:19,852 [WARN] PackLoader:238 - Cannot read IP mode file for STMicroelectronics.X-CUBE-AZRTOS-L4.1.0.0
2022-11-09 07:24:19,852 [INFO] ApiDb:276 - Save user favorites file C:\Users\Luong/.stm32cubeide/favorites.mcus.txt: 0 item(s)
2022-11-09 07:24:19,852 [INFO] ApiDb:280 - User favorites MCUs=[]
2022-11-09 07:24:19,852 [INFO] DbMcusXml:100 - Load MCU database from D:\STM32\STM32CubeIDE_1.7.0\STM32CubeIDE\plugins\com.st.stm32cube.common.mx_6.3.0.202107141111\\db\/mcu/families.xml
2022-11-09 07:24:19,867 [WARN] PackLoader:238 - Cannot read IP mode file for emotas.I-CUBE-CANOPEN.1.1.2
2022-11-09 07:24:19,883 [WARN] PackLoader:238 - Cannot read IP mode file for STMicroelectronics.X-CUBE-TOUCHGFX.4.20.0
2022-11-09 07:24:19,914 [WARN] PackLoader:238 - Cannot read IP mode file for STMicroelectronics.X-CUBE-AZRTOS-WL.1.0.0
2022-11-09 07:24:19,930 [WARN] PackLoader:238 - Cannot read IP mode file for portGmbH.I-Cube-SoM-uGOAL.1.1.0
2022-11-09 07:24:19,946 [WARN] PackLoader:238 - Cannot read IP mode file for STMicroelectronics.X-CUBE-ALS.1.0.1
2022-11-09 07:24:19,992 [WARN] PackLoader:238 - Cannot read IP mode file for STMicroelectronics.X-CUBE-AZRTOS-L5.1.0.0
2022-11-09 07:24:20,008 [WARN] PackLoader:238 - Cannot read IP mode file for STMicroelectronics.X-CUBE-EEPRMA1.3.1.1
2022-11-09 07:24:20,024 [INFO] ThirdParty:915 - Integrity check success = true
2022-11-09 07:24:20,024 [INFO] IntegrityCheckThread:94 - exiting critical section [integrity check]
2022-11-09 07:24:20,024 [INFO] IntegrityCheckThread:97 - End integrity checks thread
2022-11-09 07:24:20,822 [INFO] DbMcusJson:93 - JSON generation date=Tue Nov 16 23:17:54 ICT 2021 (1637079474)
2022-11-09 07:24:21,775 [INFO] DbMcus:175 - Found 1951 MCUs (1903 are supported by CubeMX, 1914 are visible in CubeMX)
2022-11-09 07:24:21,790 [INFO] ApiDb:251 - Load user favorites file C:\Users\Luong/.stm32cubeide/favorites.mcus.txt: 0 item(s)
2022-11-09 07:24:21,790 [INFO] ApiDb:255 - User favorites MCUs=[]
2022-11-09 07:24:21,790 [INFO] DbMcus:187 - Set 0 / 0 favorites MCUs
2022-11-09 07:24:21,790 [INFO] DbBoardsDocs:143 - JSON generation date=Tue Nov 16 23:17:54 ICT 2021 (1637079474)
2022-11-09 07:24:21,806 [INFO] DbBoardsPdsc:90 - Found 25 items
2022-11-09 07:24:21,822 [INFO] DbBoardsPdsc:90 - Found 9 items
2022-11-09 07:24:21,837 [INFO] DbBoardsPdsc:90 - Found 33 items
2022-11-09 07:24:21,837 [INFO] DbBoardsPdsc:90 - Found 1 items
2022-11-09 07:24:21,853 [INFO] DbBoardsPdsc:90 - Found 48 items
2022-11-09 07:24:21,884 [INFO] DbBoardsPdsc:90 - Found 43 items
2022-11-09 07:24:21,884 [INFO] DbBoardsPdsc:90 - Found 2 items
2022-11-09 07:24:21,900 [INFO] DbBoardsPdsc:90 - Found 5 items
2022-11-09 07:24:21,900 [WARN] DbBoardsPdsc:254 - Board STM32H7B3I-DK: unknown feature type=Audio, name=, username=Audio stereo codec with Headphone Amp (CS42L51-CNZ), n=1
2022-11-09 07:24:21,900 [WARN] DbBoardsPdsc:254 - Board STM32H735G-DK: unknown feature type=Audio, name=, username=Audio stereo codec with Headphone Amp (WM8994ECS/R), n=1
2022-11-09 07:24:21,900 [WARN] DbBoardsPdsc:254 - Board STM32H7B3I-EVAL: unknown feature type=Audio, name=, username=Multi-Channel Audio Codec (CS42L51-CNZ), n=1
2022-11-09 07:24:21,900 [WARN] DbBoardsPdsc:254 - Board STM32H7B3I-EVAL: unknown feature type=Meter, name=, username=Power-metering and Temperature-monitoring with sigma-delta modulators, n=1
2022-11-09 07:24:21,900 [WARN] DbBoardsPdsc:254 - Board STM32H7B3I-EVAL: unknown feature type=Motor, name=, username=Motor Control, n=1
2022-11-09 07:24:21,900 [WARN] DbBoardsPdsc:254 - Board STM32U575I-EV: unknown feature type=joystick, name=, username=4-direction joystick with selection button, n=1
2022-11-09 07:24:21,994 [INFO] DbBoardsJson:86 - JSON generation date=Tue Nov 16 23:17:54 ICT 2021 (1637079474)
2022-11-09 07:24:22,009 [INFO] DbBoards:117 - Found 167 boards (163 are supported by CubeMX)
2022-11-09 07:24:22,009 [INFO] DbBoardsDocs:143 - JSON generation date=Tue Nov 16 23:17:54 ICT 2021 (1637079474)
2022-11-09 07:24:22,009 [INFO] DbBoardsDocs:79 - Found 209 boards documents
2022-11-09 07:24:22,009 [WARN] DbBoards:127 - board B-L475E-IOT01A2 has no document id list !
2022-11-09 07:24:22,025 [WARN] DbBoards:127 - board NUCLEO-H743ZI has no document id list !
2022-11-09 07:24:22,025 [WARN] DbBoards:127 - board NUCLEO-WL55JC2 has no document id list !
2022-11-09 07:24:22,025 [WARN] DbBoards:127 - board P-NUCLEO-WB55-Nucleo has no document id list !
2022-11-09 07:24:22,025 [WARN] DbBoards:127 - board P-NUCLEO-WB55-USBDongle has no document id list !
2022-11-09 07:24:22,025 [WARN] DbBoards:127 - board STEVAL-BFA001V1B has no document id list !
2022-11-09 07:24:22,025 [WARN] DbBoards:127 - board STEVAL-BFA001V2B has no document id list !
2022-11-09 07:24:22,025 [WARN] DbBoards:127 - board STEVAL-IDP005V1 has no document id list !
2022-11-09 07:24:22,025 [WARN] DbBoards:127 - board STEVAL-IDP005V2 has no document id list !
2022-11-09 07:24:22,025 [WARN] DbBoards:127 - board STEVAL-MKSBOX1V1 has no document id list !
2022-11-09 07:24:22,025 [WARN] DbBoards:127 - board STEVAL-STWINKT1 has no document id list !
2022-11-09 07:24:22,025 [WARN] DbBoards:127 - board STEVAL-STWINKT1B has no document id list !
2022-11-09 07:24:22,025 [WARN] DbBoards:127 - board STM32439I-EVAL2 has no document id list !
2022-11-09 07:24:22,025 [WARN] DbBoards:127 - board STM32F401C-DISCO has no document id list !
2022-11-09 07:24:22,025 [WARN] DbBoards:127 - board STM32F769I-DISC1 has no document id list !
2022-11-09 07:24:22,025 [WARN] DbBoards:127 - board STM32G474E-EVAL1 has no document id list !
2022-11-09 07:24:22,025 [WARN] DbBoards:127 - board STM32H743I-EVAL2 has no document id list !
2022-11-09 07:24:22,025 [WARN] DbBoards:127 - board STM32H747I-DISC1 has no document id list !
2022-11-09 07:24:22,025 [WARN] DbBoards:127 - board STM32H753I-EVAL2 has no document id list !
2022-11-09 07:24:22,025 [WARN] DbBoards:127 - board STM32L-DISCOVERY has no document id list !
2022-11-09 07:24:22,259 [ERROR] DbBoards:189 - Image file not found for board B-U585I-IOT02A: D:\STM32\STM32CubeIDE_1.7.0\STM32CubeIDE\plugins\com.st.stm32cube.common.mx_6.3.0.202107141111\\db\/plugins/mcufinder/images/boards/B-U585I-IOT02A_small.jpg
2022-11-09 07:24:22,431 [ERROR] DbBoards:189 - Image file not found for board NUCLEO-F413ZH: D:\STM32\STM32CubeIDE_1.7.0\STM32CubeIDE\plugins\com.st.stm32cube.common.mx_6.3.0.202107141111\\db\/plugins/mcufinder/images/boards/nucleo-f413zh_small.jpg
2022-11-09 07:24:22,759 [ERROR] DbBoards:189 - Image file not found for board NUCLEO-L552ZE-Q: D:\STM32\STM32CubeIDE_1.7.0\STM32CubeIDE\plugins\com.st.stm32cube.common.mx_6.3.0.202107141111\\db\/plugins/mcufinder/images/boards/nucleo_l552ze_q_small.jpg
2022-11-09 07:24:22,759 [ERROR] DbBoards:189 - Image file not found for board NUCLEO-U575ZI-Q: D:\STM32\STM32CubeIDE_1.7.0\STM32CubeIDE\plugins\com.st.stm32cube.common.mx_6.3.0.202107141111\\db\/plugins/mcufinder/images/boards/nucleo-u575zi-q_small.jpg
2022-11-09 07:24:22,759 [ERROR] DbBoards:189 - Image file not found for board NUCLEO-WB15CC: D:\STM32\STM32CubeIDE_1.7.0\STM32CubeIDE\plugins\com.st.stm32cube.common.mx_6.3.0.202107141111\\db\/plugins/mcufinder/images/boards/nucleo-wb15cc_small.jpg
2022-11-09 07:24:22,759 [ERROR] DbBoards:189 - Image file not found for board NUCLEO-WB55RG: D:\STM32\STM32CubeIDE_1.7.0\STM32CubeIDE\plugins\com.st.stm32cube.common.mx_6.3.0.202107141111\\db\/plugins/mcufinder/images/boards/nucleo-wb55rg_small.jpg
2022-11-09 07:24:24,963 [INFO] ApiDb:251 - Load user favorites file C:\Users\Luong/.stm32cubeide/favorites.boards.txt: 0 item(s)
2022-11-09 07:24:24,963 [INFO] ApiDb:255 - User favorites Boards=[]
2022-11-09 07:24:24,963 [INFO] DbBoards:206 - Set 0 / 0 favorites Boards
2022-11-09 07:24:24,963 [INFO] DbBoardsDocs:79 - Found 418 boards documents
2022-11-09 07:24:24,963 [INFO] ApiDb:276 - Save user favorites file C:\Users\Luong/.stm32cubeide/favorites.boards.txt: 0 item(s)
2022-11-09 07:24:24,963 [INFO] ApiDb:280 - User favorites Boards=[]
2022-11-09 07:24:24,963 [INFO] DbBoardsPdsc:90 - Found 25 items
2022-11-09 07:24:24,978 [INFO] DbBoardsPdsc:90 - Found 9 items
2022-11-09 07:24:24,978 [INFO] DbBoardsPdsc:90 - Found 33 items
2022-11-09 07:24:24,978 [INFO] DbBoardsPdsc:90 - Found 1 items
2022-11-09 07:24:24,978 [INFO] DbBoardsPdsc:90 - Found 48 items
2022-11-09 07:24:24,994 [INFO] DbBoardsPdsc:90 - Found 43 items
2022-11-09 07:24:24,994 [INFO] DbBoardsPdsc:90 - Found 2 items
2022-11-09 07:24:24,994 [INFO] DbBoardsPdsc:90 - Found 5 items
2022-11-09 07:24:24,994 [WARN] DbBoardsPdsc:254 - Board STM32H7B3I-DK: unknown feature type=Audio, name=, username=Audio stereo codec with Headphone Amp (CS42L51-CNZ), n=1
2022-11-09 07:24:24,994 [WARN] DbBoardsPdsc:254 - Board STM32H735G-DK: unknown feature type=Audio, name=, username=Audio stereo codec with Headphone Amp (WM8994ECS/R), n=1
2022-11-09 07:24:24,994 [WARN] DbBoardsPdsc:254 - Board STM32H7B3I-EVAL: unknown feature type=Audio, name=, username=Multi-Channel Audio Codec (CS42L51-CNZ), n=1
2022-11-09 07:24:24,994 [WARN] DbBoardsPdsc:254 - Board STM32H7B3I-EVAL: unknown feature type=Meter, name=, username=Power-metering and Temperature-monitoring with sigma-delta modulators, n=1
2022-11-09 07:24:24,994 [WARN] DbBoardsPdsc:254 - Board STM32H7B3I-EVAL: unknown feature type=Motor, name=, username=Motor Control, n=1
2022-11-09 07:24:24,994 [WARN] DbBoardsPdsc:254 - Board STM32U575I-EV: unknown feature type=joystick, name=, username=4-direction joystick with selection button, n=1
2022-11-09 07:24:25,025 [INFO] DbBoardsJson:86 - JSON generation date=Tue Nov 16 23:17:54 ICT 2021 (1637079474)
2022-11-09 07:24:25,025 [INFO] DbBoards:117 - Found 167 boards (163 are supported by CubeMX)
2022-11-09 07:24:25,025 [WARN] DbBoards:127 - board B-L475E-IOT01A2 has no document id list !
2022-11-09 07:24:25,025 [WARN] DbBoards:127 - board NUCLEO-H743ZI has no document id list !
2022-11-09 07:24:25,025 [WARN] DbBoards:127 - board NUCLEO-WL55JC2 has no document id list !
2022-11-09 07:24:25,025 [WARN] DbBoards:127 - board P-NUCLEO-WB55-Nucleo has no document id list !
2022-11-09 07:24:25,025 [WARN] DbBoards:127 - board P-NUCLEO-WB55-USBDongle has no document id list !
2022-11-09 07:24:25,025 [WARN] DbBoards:127 - board STEVAL-BFA001V1B has no document id list !
2022-11-09 07:24:25,025 [WARN] DbBoards:127 - board STEVAL-BFA001V2B has no document id list !
2022-11-09 07:24:25,041 [WARN] DbBoards:127 - board STEVAL-IDP005V1 has no document id list !
2022-11-09 07:24:25,041 [WARN] DbBoards:127 - board STEVAL-IDP005V2 has no document id list !
2022-11-09 07:24:25,041 [WARN] DbBoards:127 - board STEVAL-MKSBOX1V1 has no document id list !
2022-11-09 07:24:25,041 [WARN] DbBoards:127 - board STEVAL-STWINKT1 has no document id list !
2022-11-09 07:24:25,041 [WARN] DbBoards:127 - board STEVAL-STWINKT1B has no document id list !
2022-11-09 07:24:25,041 [WARN] DbBoards:127 - board STM32439I-EVAL2 has no document id list !
2022-11-09 07:24:25,041 [WARN] DbBoards:127 - board STM32F401C-DISCO has no document id list !
2022-11-09 07:24:25,041 [WARN] DbBoards:127 - board STM32F769I-DISC1 has no document id list !
2022-11-09 07:24:25,041 [WARN] DbBoards:127 - board STM32G474E-EVAL1 has no document id list !
2022-11-09 07:24:25,041 [WARN] DbBoards:127 - board STM32H743I-EVAL2 has no document id list !
2022-11-09 07:24:25,041 [WARN] DbBoards:127 - board STM32H747I-DISC1 has no document id list !
2022-11-09 07:24:25,041 [WARN] DbBoards:127 - board STM32H753I-EVAL2 has no document id list !
2022-11-09 07:24:25,041 [WARN] DbBoards:127 - board STM32L-DISCOVERY has no document id list !
2022-11-09 07:24:25,150 [ERROR] DbBoards:189 - Image file not found for board B-U585I-IOT02A: D:\STM32\STM32CubeIDE_1.7.0\STM32CubeIDE\plugins\com.st.stm32cube.common.mx_6.3.0.202107141111\\db\/plugins/mcufinder/images/boards/B-U585I-IOT02A_small.jpg
2022-11-09 07:24:25,275 [ERROR] DbBoards:189 - Image file not found for board NUCLEO-F413ZH: D:\STM32\STM32CubeIDE_1.7.0\STM32CubeIDE\plugins\com.st.stm32cube.common.mx_6.3.0.202107141111\\db\/plugins/mcufinder/images/boards/nucleo-f413zh_small.jpg
2022-11-09 07:24:25,588 [ERROR] DbBoards:189 - Image file not found for board NUCLEO-L552ZE-Q: D:\STM32\STM32CubeIDE_1.7.0\STM32CubeIDE\plugins\com.st.stm32cube.common.mx_6.3.0.202107141111\\db\/plugins/mcufinder/images/boards/nucleo_l552ze_q_small.jpg
2022-11-09 07:24:25,588 [ERROR] DbBoards:189 - Image file not found for board NUCLEO-U575ZI-Q: D:\STM32\STM32CubeIDE_1.7.0\STM32CubeIDE\plugins\com.st.stm32cube.common.mx_6.3.0.202107141111\\db\/plugins/mcufinder/images/boards/nucleo-u575zi-q_small.jpg
2022-11-09 07:24:25,588 [ERROR] DbBoards:189 - Image file not found for board NUCLEO-WB15CC: D:\STM32\STM32CubeIDE_1.7.0\STM32CubeIDE\plugins\com.st.stm32cube.common.mx_6.3.0.202107141111\\db\/plugins/mcufinder/images/boards/nucleo-wb15cc_small.jpg
2022-11-09 07:24:25,588 [ERROR] DbBoards:189 - Image file not found for board NUCLEO-WB55RG: D:\STM32\STM32CubeIDE_1.7.0\STM32CubeIDE\plugins\com.st.stm32cube.common.mx_6.3.0.202107141111\\db\/plugins/mcufinder/images/boards/nucleo-wb55rg_small.jpg
2022-11-09 07:24:26,850 [INFO] ApiDb:251 - Load user favorites file C:\Users\Luong/.stm32cubeide/favorites.boards.txt: 0 item(s)
2022-11-09 07:24:26,850 [INFO] ApiDb:255 - User favorites Boards=[]
2022-11-09 07:24:26,850 [INFO] DbBoards:206 - Set 0 / 0 favorites Boards
2022-11-09 07:24:26,866 [INFO] LoadUrlFilesThread:172 - End of LoadServerUrlFiles without Thread
2022-11-09 07:24:26,866 [INFO] TargetSelectorAdapter:224 - Refresh data is successful
2022-11-09 07:24:26,975 [INFO] ApiDb:479 - Connected to CubeFinder SQLite database (C:\Users\Luong\.stmcufinder\plugins\mcufinder\mcu\cube-finder-db.db)
2022-11-09 07:24:27,957 [INFO] DbExamplesSqlite:411 - Ignored 31 examples not supported by CubeIDE
2022-11-09 07:24:27,958 [INFO] DbExamplesSqlite:412 - Found 6197 examples active
2022-11-09 07:24:27,959 [INFO] DbExamplesSqlite:413 - Found 89 examples obsolete
2022-11-09 07:24:27,959 [INFO] DbExamplesSqlite:414 - Found 0 examples under development
2022-11-09 07:24:27,959 [INFO] DbExamplesSqlite:415 - Found 76 examples not building
2022-11-09 07:24:27,991 [INFO] DbExamplesSqlite:108 - CubeFinder database Data Model version=2.1
2022-11-09 07:24:27,991 [INFO] DbExamplesSqlite:109 - CubeFinder database Configuration version=3.0.32
2022-11-09 07:24:27,991 [INFO] DbExamplesSqlite:110 - CubeFinder database generation date=2022-08-05 (1659688109)
2022-11-09 07:24:27,991 [INFO] DbExamplesSqlite:111 - CubeFinder database FW Pack versions=[STM32Cube_FW_C0_V1.0.0, STM32Cube_FW_F4_V1.27.1, STM32Cube_FW_F7_V1.17.0, STM32Cube_FW_G0_V1.6.1, STM32Cube_FW_G4_V1.5.0, STM32Cube_FW_H7_V1.10.0, STM32Cube_FW_L5_V1.4.0, STM32Cube_FW_U5_V1.1.1, STM32Cube_FW_WB_V1.14.1, STM32Cube_FW_WL_V1.2.0, X-CUBE-ALGOBUILD_V1.3.0, X-CUBE-ALS_V1.0.1, X-CUBE-AZRTOS-F4_V1.1.0, X-CUBE-AZRTOS-F7_V1.1.0, X-CUBE-AZRTOS-G0_V1.1.0, X-CUBE-AZRTOS-G4_V1.0.0, X-CUBE-AZRTOS-H7_V2.1.0, X-CUBE-AZRTOS-L4_V1.0.0, X-CUBE-AZRTOS-L5_V1.0.0, X-CUBE-AZRTOS-WL_V1.0.0, X-CUBE-BLE1_V6.2.3, X-CUBE-BLE2_V3.3.0, X-CUBE-EEPRMA1_V3.1.1, X-CUBE-GNSS1_V6.0.0, X-CUBE-MEMS1_V9.1.0, X-CUBE-MEMS1_V9.3.0, X-CUBE-NFC4_V2.0.4, X-CUBE-NFC7_V1.0.0, X-CUBE-SFXS2LP1_V4.0.0, X-CUBE-SUBG2_V5.0.0]
2022-11-09 07:24:27,991 [INFO] DbExamples:130 - Found 6242 examples
2022-11-09 07:24:29,225 [ERROR] DbExamples:206 - Found 6242 examples with invalid data (board or MCU)
2022-11-09 07:24:29,225 [INFO] DbExamples:222 - Found 74 boards with related examples
2022-11-09 07:24:29,225 [INFO] DbExamples:235 - Found 0 MCUs with related examples
2022-11-09 07:24:29,256 [INFO] ApiDb:242 - User favorites file not found: C:\Users\Luong/.stm32cubeide/favorites.examples.txt
2022-11-09 07:24:29,256 [INFO] DbExamples:256 - Set 0 / 0 favorites Examples
2022-11-09 07:24:29,624 [INFO] McuFinderGlobals:52 - Set McuFinderConnectedMode to false
2022-11-09 07:24:29,718 [INFO] CrossSelectorPresenter:1330 - Cross Selector saved comparison directory: C:\Users\Luong\.stmcufinder\plugins\mcufinder\mcu\cs_comparisons_mx
2022-11-09 07:24:29,718 [INFO] MultiScanPanel:197 - Auto-refresh data requested => check proxy status ongoing
2022-11-09 07:24:29,718 [INFO] MultiScanPanel:201 - Proxy status is invalid
2022-11-09 07:24:29,734 [INFO] FinderPluginLoader:87 - Searching for filters in installed packs
2022-11-09 07:24:30,371 [INFO] DetailPanel:309 - Set advertising image to C:/Users/Luong/STM32Cube/Repository/\en.Prom_NBSTM32U50921.jpg
2022-11-09 07:25:04,735 [INFO] MainUpdater:2671 - connection check result : 10
2022-11-09 07:25:04,735 [INFO] MainUpdater:2671 - connection check result : 10
2022-11-09 07:25:04,785 [INFO] MicroXplorer:448 - Change Database Path : 
2022-11-09 07:25:04,785 [INFO] MicroXplorer:478 - Change Database Version : DB.6.0.30
2022-11-09 07:25:04,785 [WARN] ThirdParty:813 - waiting for thirdparty lock release [close project]
2022-11-09 07:25:04,785 [INFO] ThirdParty:815 - entering critical section [close project]
2022-11-09 07:25:04,785 [INFO] ThirdParty:825 - exiting critical section [close project]
2022-11-09 07:25:04,785 [INFO] PinOutPanel:1463 - setPackage(No Configuration,No Configuration)
2022-11-09 07:25:04,785 [INFO] UtilMem:74 - Begin LoadConfig() Used Memory: 787007200 Bytes (1073741824)
2022-11-09 07:25:04,785 [INFO] MicroXplorer:448 - Change Database Path : 
2022-11-09 07:25:04,785 [INFO] MicroXplorer:478 - Change Database Version : DB.6.0.30
2022-11-09 07:25:04,785 [INFO] OpenFileManager:313 - Change cursor
2022-11-09 07:25:05,753 [INFO] Context:592 - Trying to add GPIOservice into a context  which must be forbidden
2022-11-09 07:25:05,988 [INFO] ImportTextPane:167 - (OptionalMessage_ERROR) Unable to find key (Mcu.ThirdPartyNb) in loaded IOC file
2022-11-09 07:25:05,988 [INFO] ImportTextPane:167 - (OptionalMessage_ERROR) Unable to find key (Mcu.PinsNb) in loaded IOC file
2022-11-09 07:25:05,988 [INFO] ImportTextPane:167 - (OptionalMessage_ERROR) Unable to find key (Mcu.IPNb) in loaded IOC file
2022-11-09 07:25:06,035 [WARN] ApiManager:304 - Cannot register API 'Board Extension:GNSS1A1' from pack STMicroelectronics.X-CUBE-GNSS1.6.0.0: no header file found
2022-11-09 07:25:06,035 [WARN] ApiManager:304 - Cannot register API 'Board Support:Custom' from pack STMicroelectronics.X-CUBE-GNSS1.6.0.0: no header file found
2022-11-09 07:25:06,035 [WARN] ApiManager:304 - Cannot register API 'Data Exchange:lib_gnss' from pack STMicroelectronics.X-CUBE-GNSS1.6.0.0: no header file found
2022-11-09 07:25:06,050 [WARN] ApiManager:304 - Cannot register API 'Wireless:BlueNRG-MS' from pack STMicroelectronics.X-CUBE-BLE1.6.2.3: no header file found
2022-11-09 07:25:06,050 [INFO] RtosManager:484 - Registered RTOS mode: class=CMSIS, group=RTOS, mode=CMSIS_V1, owner=FREERTOS
2022-11-09 07:25:06,050 [INFO] RtosManager:484 - Registered RTOS mode: class=CMSIS, group=RTOS2, mode=CMSIS_V2, owner=FREERTOS
2022-11-09 07:25:06,050 [INFO] RtosManager:484 - Registered RTOS mode: class=RTOS, group=Core, mode=CMSIS_V1, owner=FREERTOS
2022-11-09 07:25:06,050 [INFO] RtosManager:484 - Registered RTOS mode: class=RTOS, group=Core, mode=CMSIS_V2, owner=FREERTOS
2022-11-09 07:25:06,050 [WARN] ModelIntegratedComponent:181 - Missing modes for component STMicroelectronics:FreeRTOS:0.0.1:STMicroelectronics:RTOS:FreeRTOS:Core:::10.2.0:
2022-11-09 07:25:06,066 [WARN] ApiManager:304 - Cannot register API 'Board Extension:S2868A1' from pack STMicroelectronics.X-CUBE-SUBG2.5.0.0: no header file found
2022-11-09 07:25:06,066 [WARN] ApiManager:304 - Cannot register API 'Board Extension:S2868A2' from pack STMicroelectronics.X-CUBE-SUBG2.5.0.0: no header file found
2022-11-09 07:25:06,066 [WARN] ApiManager:304 - Cannot register API 'Board Extension:S2915A1' from pack STMicroelectronics.X-CUBE-SUBG2.5.0.0: no header file found
2022-11-09 07:25:06,066 [WARN] ApiManager:304 - Cannot register API 'Board Extension:NFC04A1' from pack STMicroelectronics.X-CUBE-NFC4.2.0.4: no header file found
2022-11-09 07:25:06,081 [WARN] ModelIntegratedComponent:60 - No mode defined for component null
2022-11-09 07:25:06,081 [WARN] ModelIntegratedComponent:60 - No mode defined for component null
2022-11-09 07:25:06,081 [WARN] ModelIntegratedComponent:60 - No mode defined for component null
2022-11-09 07:25:06,081 [WARN] ModelIntegratedComponent:60 - No mode defined for component null
2022-11-09 07:25:06,081 [WARN] ModelIntegratedComponent:60 - No mode defined for component null
2022-11-09 07:25:06,081 [WARN] ModelIntegratedComponent:60 - No mode defined for component null
2022-11-09 07:25:06,081 [WARN] ModelIntegratedComponent:60 - No mode defined for component null
2022-11-09 07:25:06,081 [WARN] ModelIntegratedComponent:60 - No mode defined for component null
2022-11-09 07:25:06,081 [WARN] ModelIntegratedComponent:60 - No mode defined for component null
2022-11-09 07:25:06,081 [WARN] ModelIntegratedComponent:60 - No mode defined for component null
2022-11-09 07:25:06,081 [WARN] ModelIntegratedComponent:60 - No mode defined for component null
2022-11-09 07:25:06,081 [WARN] ModelIntegratedComponent:60 - No mode defined for component null
2022-11-09 07:25:06,081 [WARN] ModelIntegratedComponent:60 - No mode defined for component null
2022-11-09 07:25:06,081 [WARN] ModelIntegratedComponent:60 - No mode defined for component null
2022-11-09 07:25:06,081 [WARN] ModelIntegratedComponent:60 - No mode defined for component null
2022-11-09 07:25:06,081 [WARN] ModelIntegratedComponent:60 - No mode defined for component null
2022-11-09 07:25:06,081 [WARN] ModelIntegratedComponent:60 - No mode defined for component null
2022-11-09 07:25:06,081 [WARN] ModelIntegratedComponent:60 - No mode defined for component null
2022-11-09 07:25:06,081 [WARN] ModelIntegratedComponent:60 - No mode defined for component null
2022-11-09 07:25:06,081 [WARN] ModelIntegratedComponent:60 - No mode defined for component null
2022-11-09 07:25:06,081 [WARN] ModelIntegratedComponent:60 - No mode defined for component null
2022-11-09 07:25:06,081 [WARN] ModelIntegratedComponent:60 - No mode defined for component null
2022-11-09 07:25:06,081 [WARN] ModelIntegratedComponent:60 - No mode defined for component null
2022-11-09 07:25:06,081 [WARN] ModelIntegratedComponent:60 - No mode defined for component null
2022-11-09 07:25:06,081 [WARN] ModelIntegratedComponent:60 - No mode defined for component null
2022-11-09 07:25:06,081 [WARN] ModelIntegratedComponent:60 - No mode defined for component null
2022-11-09 07:25:06,081 [WARN] ModelIntegratedComponent:60 - No mode defined for component null
2022-11-09 07:25:06,081 [WARN] ModelIntegratedComponent:60 - No mode defined for component null
2022-11-09 07:25:06,081 [WARN] ModelIntegratedComponent:60 - No mode defined for component null
2022-11-09 07:25:06,081 [WARN] ModelIntegratedComponent:60 - No mode defined for component null
2022-11-09 07:25:06,081 [WARN] ModelIntegratedComponent:60 - No mode defined for component null
2022-11-09 07:25:06,081 [WARN] ApiManager:304 - Cannot register API 'Board Extension:NFC07A1' from pack STMicroelectronics.X-CUBE-NFC7.1.0.0: no header file found
2022-11-09 07:25:06,347 [WARN] ApiManager:304 - Cannot register API 'Board Extension:IKS01A3' from pack STMicroelectronics.X-CUBE-MEMS1.9.3.0: no header file found
2022-11-09 07:25:06,347 [WARN] ApiManager:304 - Cannot register API 'Board Extension:IKS01A2' from pack STMicroelectronics.X-CUBE-MEMS1.9.3.0: no header file found
2022-11-09 07:25:06,347 [WARN] ApiManager:304 - Cannot register API 'Board Extension:IKS02A1' from pack STMicroelectronics.X-CUBE-MEMS1.9.3.0: no header file found
2022-11-09 07:25:06,363 [WARN] ApiManager:304 - Cannot register API 'Board Extension:EEPRMA1' from pack STMicroelectronics.X-CUBE-EEPRMA1.3.1.1: no header file found
2022-11-09 07:25:06,363 [WARN] ApiManager:304 - Cannot register API 'Board Extension:EEPRMA2' from pack STMicroelectronics.X-CUBE-EEPRMA1.3.1.1: no header file found
2022-11-09 07:25:06,363 [WARN] ApiManager:304 - Cannot register API 'Board Extension:S2868A1' from pack STMicroelectronics.X-CUBE-SFXS2LP1.4.0.0: no header file found
2022-11-09 07:25:06,363 [WARN] ApiManager:304 - Cannot register API 'Board Extension:S2868A2' from pack STMicroelectronics.X-CUBE-SFXS2LP1.4.0.0: no header file found
2022-11-09 07:25:06,363 [WARN] ApiManager:304 - Cannot register API 'Board Extension:S2915A1' from pack STMicroelectronics.X-CUBE-SFXS2LP1.4.0.0: no header file found
2022-11-09 07:25:06,363 [WARN] ApiManager:304 - Cannot register API 'Wireless:BlueNRG-2' from pack STMicroelectronics.X-CUBE-BLE2.3.3.0: no header file found
2022-11-09 07:25:08,220 [INFO] UtilMem:74 - End LoadConfig() Used Memory: 700396112 Bytes (1073741824)
2022-11-09 07:25:08,235 [WARN] ThirdParty:779 - waiting for thirdparty lock release [change project]
2022-11-09 07:25:08,235 [INFO] ThirdParty:781 - entering critical section [change project]
2022-11-09 07:25:08,235 [INFO] ThirdParty:967 - CMSIS Pack Vendor :STMicroelectronics X-CUBE-ISPU 1.1.0
2022-11-09 07:25:08,235 [INFO] ThirdParty:967 - CMSIS Pack Vendor :RoweBots I-CUBE-UNISONRTOS 5.5.0-4
2022-11-09 07:25:08,235 [INFO] ThirdParty:967 - CMSIS Pack Vendor :STMicroelectronics X-CUBE-GNSS1 6.0.0
2022-11-09 07:25:08,235 [INFO] ThirdParty:967 - CMSIS Pack Vendor :STMicroelectronics X-CUBE-AZRTOS-H7 2.1.0
2022-11-09 07:25:08,235 [INFO] ThirdParty:967 - CMSIS Pack Vendor :STMicroelectronics USB_HOST 2.0.0
2022-11-09 07:25:08,235 [INFO] ThirdParty:967 - CMSIS Pack Vendor :STMicroelectronics X-CUBE-AZRTOS-F4 1.1.0
2022-11-09 07:25:08,235 [INFO] ThirdParty:967 - CMSIS Pack Vendor :STMicroelectronics USB_DEVICE 3.0.0
2022-11-09 07:25:08,235 [INFO] ThirdParty:967 - CMSIS Pack Vendor :STMicroelectronics X-CUBE-BLEMGR 1.2.0
2022-11-09 07:25:08,235 [INFO] ThirdParty:967 - CMSIS Pack Vendor :STMicroelectronics X-CUBE-AZRTOS-F7 1.1.0
2022-11-09 07:25:08,235 [INFO] ThirdParty:967 - CMSIS Pack Vendor :STMicroelectronics USB_DEVICE 2.0.0
2022-11-09 07:25:08,235 [INFO] ThirdParty:967 - CMSIS Pack Vendor :STMicroelectronics X-CUBE-AI 7.3.0
2022-11-09 07:25:08,235 [INFO] ThirdParty:967 - CMSIS Pack Vendor :STMicroelectronics X-CUBE-BLE1 6.2.3
2022-11-09 07:25:08,235 [INFO] ThirdParty:967 - CMSIS Pack Vendor :STMicroelectronics X-CUBE-ALGOBUILD 1.3.0
2022-11-09 07:25:08,235 [INFO] ThirdParty:967 - CMSIS Pack Vendor :STMicroelectronics FreeRTOS 0.0.1
2022-11-09 07:25:08,235 [INFO] ThirdParty:967 - CMSIS Pack Vendor :STMicroelectronics X-CUBE-AZRTOS-G0 1.1.0
2022-11-09 07:25:08,235 [INFO] ThirdParty:967 - CMSIS Pack Vendor :STMicroelectronics X-CUBE-SUBG2 5.0.0
2022-11-09 07:25:08,235 [INFO] ThirdParty:967 - CMSIS Pack Vendor :SEGGER I-CUBE-embOS 1.2.1
2022-11-09 07:25:08,235 [INFO] ThirdParty:967 - CMSIS Pack Vendor :STMicroelectronics lwIP 2.0.3
2022-11-09 07:25:08,235 [INFO] ThirdParty:967 - CMSIS Pack Vendor :STMicroelectronics X-CUBE-NFC4 2.0.4
2022-11-09 07:25:08,235 [INFO] ThirdParty:967 - CMSIS Pack Vendor :STMicroelectronics USB_HOST 1.0.0
2022-11-09 07:25:08,235 [INFO] ThirdParty:967 - CMSIS Pack Vendor :STMicroelectronics PDM2PCM 3.1.0
2022-11-09 07:25:08,235 [INFO] ThirdParty:967 - CMSIS Pack Vendor :STMicroelectronics FP-ATR-ASTRA1 1.1.1
2022-11-09 07:25:08,235 [INFO] ThirdParty:967 - CMSIS Pack Vendor :STMicroelectronics PDM2PCM 3.3.0
2022-11-09 07:25:08,235 [INFO] ThirdParty:967 - CMSIS Pack Vendor :STMicroelectronics X-CUBE-AZRTOS-G4 1.0.0
2022-11-09 07:25:08,235 [INFO] ThirdParty:967 - CMSIS Pack Vendor :STMicroelectronics FP-ATR-SIGFOX1 3.2.0
2022-11-09 07:25:08,235 [INFO] ThirdParty:967 - CMSIS Pack Vendor :STMicroelectronics X-CUBE-AZRTOS-L4 1.0.0
2022-11-09 07:25:08,235 [INFO] ThirdParty:967 - CMSIS Pack Vendor :wolfSSL I-CUBE-wolfSSL 5.5.1
2022-11-09 07:25:08,235 [INFO] ThirdParty:967 - CMSIS Pack Vendor :STMicroelectronics HAL Drivers 0.0.0
2022-11-09 07:25:08,235 [INFO] ThirdParty:967 - CMSIS Pack Vendor :STMicroelectronics MBEDTLS 2.16.2
2022-11-09 07:25:08,235 [INFO] ThirdParty:967 - CMSIS Pack Vendor :emotas I-CUBE-CANOPEN 1.1.2
2022-11-09 07:25:08,235 [INFO] ThirdParty:967 - CMSIS Pack Vendor :STMicroelectronics X-CUBE-TOUCHGFX 4.20.0
2022-11-09 07:25:08,235 [INFO] ThirdParty:967 - CMSIS Pack Vendor :STMicroelectronics MBEDTLS 2.14.1
2022-11-09 07:25:08,235 [INFO] ThirdParty:967 - CMSIS Pack Vendor :STMicroelectronics X-CUBE-NFC7 1.0.0
2022-11-09 07:25:08,235 [INFO] ThirdParty:967 - CMSIS Pack Vendor :STMicroelectronics X-CUBE-AZRTOS-WL 1.0.0
2022-11-09 07:25:08,235 [INFO] ThirdParty:967 - CMSIS Pack Vendor :STMicroelectronics X-CUBE-MEMS1 9.3.0
2022-11-09 07:25:08,235 [INFO] ThirdParty:967 - CMSIS Pack Vendor :portGmbH I-Cube-SoM-uGOAL 1.1.0
2022-11-09 07:25:08,235 [INFO] ThirdParty:967 - CMSIS Pack Vendor :STMicroelectronics X-CUBE-ALS 1.0.1
2022-11-09 07:25:08,235 [INFO] ThirdParty:967 - CMSIS Pack Vendor :STMicroelectronics X-CUBE-AI 7.2.0
2022-11-09 07:25:08,235 [INFO] ThirdParty:967 - CMSIS Pack Vendor :STMicroelectronics X-CUBE-AZRTOS-L5 1.0.0
2022-11-09 07:25:08,235 [INFO] ThirdParty:967 - CMSIS Pack Vendor :STMicroelectronics USB_DEVICE 1.0.0
2022-11-09 07:25:08,235 [INFO] ThirdParty:967 - CMSIS Pack Vendor :STMicroelectronics X-CUBE-EEPRMA1 3.1.1
2022-11-09 07:25:08,235 [INFO] ThirdParty:967 - CMSIS Pack Vendor :STMicroelectronics ThreadX 0.0.2
2022-11-09 07:25:08,235 [INFO] ThirdParty:967 - CMSIS Pack Vendor :STMicroelectronics lwIP 2.1.2
2022-11-09 07:25:08,235 [INFO] ThirdParty:967 - CMSIS Pack Vendor :STMicroelectronics X-CUBE-SFXS2LP1 4.0.0
2022-11-09 07:25:08,235 [INFO] ThirdParty:967 - CMSIS Pack Vendor :STMicroelectronics X-CUBE-BLE2 3.3.0
2022-11-09 07:25:08,235 [INFO] ThirdParty:967 - CMSIS Pack Vendor :STMicroelectronics X-CUBE-DISPLAY 2.2.0
2022-11-09 07:25:08,235 [INFO] ThirdParty:967 - CMSIS Pack Vendor :STMicroelectronics X-CUBE-TOF1 3.2.0
2022-11-09 07:25:08,235 [INFO] ThirdParty:967 - CMSIS Pack Vendor :STMicroelectronics PDM2PCM 3.2.0
2022-11-09 07:25:08,235 [INFO] ThirdParty:967 - CMSIS Pack Vendor :STMicroelectronics X-CUBE-ISPU 1.0.0
2022-11-09 07:25:08,235 [INFO] ThirdParty:787 - exiting critical section [change project]
2022-11-09 07:25:08,525 [INFO] PinOutPanel:1463 - setPackage(No Configuration,No Configuration)
2022-11-09 07:25:08,525 [INFO] PinOutPanel:1463 - setPackage(STM32F103C6Ux,UFQFPN48)
2022-11-09 07:25:08,993 [INFO] UtilMem:74 - Before build in PCC Used Memory: 798962256 Bytes (1073741824)
2022-11-09 07:25:09,602 [INFO] UtilMem:74 - After build in PCC Used Memory: 878137960 Bytes (1073741824)
2022-11-09 07:25:09,618 [INFO] IPUIPlugin:74 - create IPUIPlugin
2022-11-09 07:25:09,618 [INFO] IPUIPlugin:74 - create IPUIPlugin
2022-11-09 07:25:09,618 [INFO] IPUIPlugin:74 - create IPUIPlugin
2022-11-09 07:25:09,634 [INFO] IPUIPlugin:74 - create IPUIPlugin
2022-11-09 07:25:09,634 [INFO] IPUIPlugin:74 - create IPUIPlugin
2022-11-09 07:25:09,634 [INFO] IPUIPlugin:74 - create IPUIPlugin
2022-11-09 07:25:09,634 [INFO] IPUIPlugin:74 - create IPUIPlugin
2022-11-09 07:25:09,634 [INFO] IPUIPlugin:74 - create IPUIPlugin
2022-11-09 07:25:09,634 [INFO] IPUIPlugin:74 - create IPUIPlugin
2022-11-09 07:25:09,634 [INFO] IPUIPlugin:74 - create IPUIPlugin
2022-11-09 07:25:09,634 [INFO] IPUIPlugin:74 - create IPUIPlugin
2022-11-09 07:25:09,634 [INFO] IPUIPlugin:74 - create IPUIPlugin
2022-11-09 07:25:09,634 [INFO] IPUIPlugin:74 - create IPUIPlugin
2022-11-09 07:25:09,634 [INFO] IPUIPlugin:74 - create IPUIPlugin
2022-11-09 07:25:09,634 [INFO] IPUIPlugin:74 - create IPUIPlugin
2022-11-09 07:25:09,634 [INFO] IPUIPlugin:74 - create IPUIPlugin
2022-11-09 07:25:09,634 [INFO] IPUIPlugin:74 - create IPUIPlugin
2022-11-09 07:25:09,634 [INFO] IPUIPlugin:74 - create IPUIPlugin
2022-11-09 07:25:09,634 [INFO] IPUIPlugin:74 - create IPUIPlugin
2022-11-09 07:25:09,634 [INFO] IPUIPlugin:74 - create IPUIPlugin
2022-11-09 07:25:09,634 [INFO] IPUIPlugin:74 - create IPUIPlugin
2022-11-09 07:25:09,634 [INFO] IPUIPlugin:74 - create IPUIPlugin
2022-11-09 07:25:09,649 [INFO] IPUIPlugin:74 - create IPUIPlugin
2022-11-09 07:25:09,774 [INFO] OpenFileManager:333 - Restore cursor
2022-11-09 07:25:10,009 [INFO] UtilMem:74 - End SaveConfig() Used Memory: 707504000 Bytes (1073741824)
2022-11-09 07:25:10,071 [INFO] UtilMem:74 - End SaveConfig() Used Memory: 719038336 Bytes (1073741824)
2022-11-09 07:25:10,415 [INFO] BlockDiagram:2740 - set Specific Code input for plugin: NVIC
2022-11-09 07:25:10,415 [INFO] BlockDiagram:2740 - set Specific Code input for plugin: SYS
2022-11-09 07:25:10,415 [INFO] BlockDiagram:2740 - set Specific Code input for plugin: RCC
2022-11-09 07:25:10,415 [INFO] CodeGenerator:663 - code generatio: config db path: D:\STM32\STM32CubeIDE_1.7.0\STM32CubeIDE\plugins\com.st.stm32cube.common.mx_6.3.0.202107141111\\db\
2022-11-09 07:25:10,712 [INFO] CodeEngine:239 - oldGeneratedFile, E:\221\MCU\MCU_Lab4\lab4_stm32\MXTmpFiles\license.tmp_save
2022-11-09 07:25:11,077 [INFO] CodeEngine:257 - Generated code: E:\221\MCU\MCU_Lab4\lab4_stm32\MXTmpFiles\license.tmp
2022-11-09 07:25:11,218 [INFO] CodeEngine:239 - oldGeneratedFile, E:\221\MCU\MCU_Lab4\lab4_stm32\Core\Src\stm32f1xx_it.c_save
2022-11-09 07:25:11,358 [INFO] CodeEngine:257 - Generated code: E:\221\MCU\MCU_Lab4\lab4_stm32\Core\Src\stm32f1xx_it.c
2022-11-09 07:25:11,358 [INFO] CodeEngine:239 - oldGeneratedFile, E:\221\MCU\MCU_Lab4\lab4_stm32\Core\Inc\stm32f1xx_it.h_save
2022-11-09 07:25:11,436 [INFO] CodeEngine:257 - Generated code: E:\221\MCU\MCU_Lab4\lab4_stm32\Core\Inc\stm32f1xx_it.h
2022-11-09 07:25:11,452 [INFO] CodeEngine:239 - oldGeneratedFile, E:\221\MCU\MCU_Lab4\lab4_stm32\Core\Src\stm32f1xx_hal_msp.c_save
2022-11-09 07:25:11,577 [INFO] CodeEngine:257 - Generated code: E:\221\MCU\MCU_Lab4\lab4_stm32\Core\Src\stm32f1xx_hal_msp.c
2022-11-09 07:25:11,577 [INFO] CodeEngine:239 - oldGeneratedFile, E:\221\MCU\MCU_Lab4\lab4_stm32\MXTmpFiles\system.tmp_save
2022-11-09 07:25:11,639 [INFO] CodeEngine:257 - Generated code: E:\221\MCU\MCU_Lab4\lab4_stm32\MXTmpFiles\system.tmp
2022-11-09 07:25:11,655 [INFO] CodeEngine:239 - oldGeneratedFile, E:\221\MCU\MCU_Lab4\lab4_stm32\Core\Inc\stm32f1xx_hal_conf.h_save
2022-11-09 07:25:11,827 [INFO] CodeEngine:257 - Generated code: E:\221\MCU\MCU_Lab4\lab4_stm32\Core\Inc\stm32f1xx_hal_conf.h
2022-11-09 07:25:11,874 [INFO] CodeEngine:239 - oldGeneratedFile, E:\221\MCU\MCU_Lab4\lab4_stm32\Core\Inc\main.h_save
2022-11-09 07:25:11,952 [INFO] CodeEngine:257 - Generated code: E:\221\MCU\MCU_Lab4\lab4_stm32\Core\Inc\main.h
2022-11-09 07:25:11,968 [INFO] CodeEngine:239 - oldGeneratedFile, E:\221\MCU\MCU_Lab4\lab4_stm32\Core\Src\main.c_save
2022-11-09 07:25:12,124 [INFO] CodeEngine:257 - Generated code: E:\221\MCU\MCU_Lab4\lab4_stm32\Core\Src\main.c
2022-11-09 07:25:13,436 [INFO] ProjectBuilder:2578 - Time for Copy HAL[1] : 297mS.
2022-11-09 07:25:13,436 [INFO] ProjectBuilder:3622 - Project Generator version: 3.14.1
2022-11-09 07:25:14,045 [INFO] ConfigFileManager:1271 - The Die is : DIE412
2022-11-09 07:25:14,061 [INFO] ApiDbMcu:468 - Load IP Config File for FATFS
2022-11-09 07:25:14,154 [INFO] ApiDbMcu:468 - Load IP Config File for FREERTOS
2022-11-09 07:25:14,201 [INFO] ApiDbMcu:468 - Load IP Config File for USB_DEVICE
2022-11-09 07:25:21,675 [INFO] ProjectBuilder:3789 - Time for Generating toolchain IDE Files: 8239mS.
2022-11-09 07:25:21,676 [INFO] ProjectBuilder:2457 - Time for Copy CMSIS : 0mS.
2022-11-09 07:25:21,679 [INFO] ProjectBuilder:2457 - Time for Copy CMSIS : 0mS.
2022-11-09 07:25:23,440 [INFO] McuFinderGlobals:52 - Set McuFinderConnectedMode to true
2022-11-09 07:25:23,440 [INFO] ApiDb:276 - Save user favorites file C:\Users\Luong/.stm32cubeide/favorites.mcus.txt: 0 item(s)
2022-11-09 07:25:23,440 [INFO] ApiDb:280 - User favorites MCUs=[]
2022-11-09 09:12:39,035 [INFO] NvicIntPanel:96 - NVIC parent = com.st.microxplorer.plugins.ip.nvic.MultiNvicIntPanel[,0,0,450x135,layout=javax.swing.BoxLayout,alignmentX=0.0,alignmentY=0.0,border=,flags=9,maximumSize=,minimumSize=,preferredSize=]
2022-11-09 09:13:13,770 [INFO] UtilMem:74 - End SaveConfig() Used Memory: 740403224 Bytes (1073741824)
2022-11-09 09:13:16,000 [INFO] UtilMem:74 - End SaveConfig() Used Memory: 766675752 Bytes (1073741824)
2022-11-09 09:13:18,799 [INFO] UtilMem:74 - End SaveConfig() Used Memory: 621229128 Bytes (1073741824)
2022-11-09 09:13:19,200 [INFO] BlockDiagram:2740 - set Specific Code input for plugin: NVIC
2022-11-09 09:13:19,200 [INFO] BlockDiagram:2740 - set Specific Code input for plugin: SYS
2022-11-09 09:13:19,201 [INFO] BlockDiagram:2740 - set Specific Code input for plugin: GPIO
2022-11-09 09:13:19,201 [INFO] BlockDiagram:2740 - set Specific Code input for plugin: RCC
2022-11-09 09:13:19,201 [INFO] BlockDiagram:2740 - set Specific Code input for plugin: TIM1_8F1
2022-11-09 09:13:19,201 [INFO] CodeGenerator:663 - code generatio: config db path: D:\STM32\STM32CubeIDE_1.7.0\STM32CubeIDE\plugins\com.st.stm32cube.common.mx_6.3.0.202107141111\\db\
2022-11-09 09:13:19,517 [INFO] CodeEngine:239 - oldGeneratedFile, E:\221\MCU\MCU_Lab4\lab4_stm32\MXTmpFiles\license.tmp_save
2022-11-09 09:13:19,614 [INFO] CodeEngine:257 - Generated code: E:\221\MCU\MCU_Lab4\lab4_stm32\MXTmpFiles\license.tmp
2022-11-09 09:13:19,672 [INFO] CodeEngine:239 - oldGeneratedFile, E:\221\MCU\MCU_Lab4\lab4_stm32\MXTmpFiles\gpio.tmp_save
2022-11-09 09:13:19,759 [INFO] CodeEngine:257 - Generated code: E:\221\MCU\MCU_Lab4\lab4_stm32\MXTmpFiles\gpio.tmp
2022-11-09 09:13:19,945 [INFO] CodeEngine:239 - oldGeneratedFile, E:\221\MCU\MCU_Lab4\lab4_stm32\Core\Src\stm32f1xx_it.c_save
2022-11-09 09:13:20,081 [INFO] CodeEngine:257 - Generated code: E:\221\MCU\MCU_Lab4\lab4_stm32\Core\Src\stm32f1xx_it.c
2022-11-09 09:13:20,085 [INFO] CodeEngine:239 - oldGeneratedFile, E:\221\MCU\MCU_Lab4\lab4_stm32\Core\Inc\stm32f1xx_it.h_save
2022-11-09 09:13:20,164 [INFO] CodeEngine:257 - Generated code: E:\221\MCU\MCU_Lab4\lab4_stm32\Core\Inc\stm32f1xx_it.h
2022-11-09 09:13:20,178 [INFO] CodeEngine:239 - oldGeneratedFile, E:\221\MCU\MCU_Lab4\lab4_stm32\Core\Src\stm32f1xx_hal_msp.c_save
2022-11-09 09:13:20,294 [INFO] CodeEngine:257 - Generated code: E:\221\MCU\MCU_Lab4\lab4_stm32\Core\Src\stm32f1xx_hal_msp.c
2022-11-09 09:13:20,297 [INFO] CodeEngine:239 - oldGeneratedFile, E:\221\MCU\MCU_Lab4\lab4_stm32\MXTmpFiles\system.tmp_save
2022-11-09 09:13:20,355 [INFO] CodeEngine:257 - Generated code: E:\221\MCU\MCU_Lab4\lab4_stm32\MXTmpFiles\system.tmp
2022-11-09 09:13:20,369 [INFO] CodeEngine:239 - oldGeneratedFile, E:\221\MCU\MCU_Lab4\lab4_stm32\Core\Inc\stm32f1xx_hal_conf.h_save
2022-11-09 09:13:20,575 [INFO] CodeEngine:257 - Generated code: E:\221\MCU\MCU_Lab4\lab4_stm32\Core\Inc\stm32f1xx_hal_conf.h
2022-11-09 09:13:20,591 [WARN] IPConfigManager:3148 - IP not found : TIM
2022-11-09 09:13:20,592 [WARN] CodeGenerator:3268 - IP not found : null
2022-11-09 09:13:20,604 [INFO] CodeEngine:239 - oldGeneratedFile, E:\221\MCU\MCU_Lab4\lab4_stm32\Core\Inc\main.h_save
2022-11-09 09:13:20,692 [INFO] CodeEngine:257 - Generated code: E:\221\MCU\MCU_Lab4\lab4_stm32\Core\Inc\main.h
2022-11-09 09:13:20,701 [INFO] CodeEngine:239 - oldGeneratedFile, E:\221\MCU\MCU_Lab4\lab4_stm32\Core\Src\main.c_save
2022-11-09 09:13:20,832 [INFO] CodeEngine:257 - Generated code: E:\221\MCU\MCU_Lab4\lab4_stm32\Core\Src\main.c
2022-11-09 09:13:21,905 [INFO] ProjectBuilder:2578 - Time for Copy HAL[1] : 168mS.
2022-11-09 09:13:22,030 [INFO] ProjectBuilder:3622 - Project Generator version: 3.14.1
2022-11-09 09:13:22,797 [INFO] ConfigFileManager:1271 - The Die is : DIE412
2022-11-09 09:13:25,653 [INFO] ProjectBuilder:3789 - Time for Generating toolchain IDE Files: 3623mS.
2022-11-09 09:13:25,654 [INFO] ProjectBuilder:2457 - Time for Copy CMSIS : 0mS.
2022-11-09 09:13:25,655 [INFO] ProjectBuilder:2457 - Time for Copy CMSIS : 0mS.
2022-11-09 10:30:37,843 [INFO] NvicIntPanel:96 - NVIC parent = com.st.microxplorer.plugins.ip.nvic.MultiNvicIntPanel[,0,0,0x0,invalid,layout=javax.swing.BoxLayout,alignmentX=0.0,alignmentY=0.0,border=,flags=9,maximumSize=,minimumSize=,preferredSize=]
2022-11-09 10:30:40,088 [INFO] NvicIntPanel:96 - NVIC parent = com.st.microxplorer.plugins.ip.nvic.MultiNvicIntPanel[,0,0,0x0,invalid,layout=javax.swing.BoxLayout,alignmentX=0.0,alignmentY=0.0,border=,flags=9,maximumSize=,minimumSize=,preferredSize=]
2022-11-09 10:30:46,975 [INFO] NvicIntPanel:96 - NVIC parent = com.st.microxplorer.plugins.ip.nvic.MultiNvicIntPanel[,0,0,0x0,invalid,layout=javax.swing.BoxLayout,alignmentX=0.0,alignmentY=0.0,border=,flags=9,maximumSize=,minimumSize=,preferredSize=]
2022-11-09 10:30:49,643 [INFO] NvicIntPanel:96 - NVIC parent = com.st.microxplorer.plugins.ip.nvic.MultiNvicIntPanel[,0,0,0x0,invalid,layout=javax.swing.BoxLayout,alignmentX=0.0,alignmentY=0.0,border=,flags=9,maximumSize=,minimumSize=,preferredSize=]
2022-11-09 10:30:52,057 [INFO] NvicIntPanel:96 - NVIC parent = com.st.microxplorer.plugins.ip.nvic.MultiNvicIntPanel[,0,0,0x0,invalid,layout=javax.swing.BoxLayout,alignmentX=0.0,alignmentY=0.0,border=,flags=9,maximumSize=,minimumSize=,preferredSize=]
2022-11-09 10:31:19,924 [INFO] UtilMem:74 - End SaveConfig() Used Memory: 854692384 Bytes (1073741824)
2022-11-09 10:31:21,026 [INFO] UtilMem:74 - End SaveConfig() Used Memory: 877961880 Bytes (1073741824)
2022-11-09 10:31:22,542 [INFO] UtilMem:74 - End SaveConfig() Used Memory: 949588424 Bytes (1073741824)
2022-11-09 10:31:22,989 [INFO] BlockDiagram:2740 - set Specific Code input for plugin: NVIC
2022-11-09 10:31:22,990 [INFO] BlockDiagram:2740 - set Specific Code input for plugin: SYS
2022-11-09 10:31:22,990 [INFO] BlockDiagram:2740 - set Specific Code input for plugin: GPIO
2022-11-09 10:31:22,990 [INFO] BlockDiagram:2740 - set Specific Code input for plugin: RCC
2022-11-09 10:31:22,990 [INFO] BlockDiagram:2740 - set Specific Code input for plugin: TIM1_8F1
2022-11-09 10:31:23,043 [INFO] CodeGenerator:663 - code generatio: config db path: D:\STM32\STM32CubeIDE_1.7.0\STM32CubeIDE\plugins\com.st.stm32cube.common.mx_6.3.0.202107141111\\db\
2022-11-09 10:31:23,407 [INFO] CodeEngine:239 - oldGeneratedFile, E:\221\MCU\MCU_Lab4\lab4_stm32\MXTmpFiles\license.tmp_save
2022-11-09 10:31:23,485 [INFO] CodeEngine:257 - Generated code: E:\221\MCU\MCU_Lab4\lab4_stm32\MXTmpFiles\license.tmp
2022-11-09 10:31:23,512 [INFO] CodeEngine:239 - oldGeneratedFile, E:\221\MCU\MCU_Lab4\lab4_stm32\MXTmpFiles\gpio.tmp_save
2022-11-09 10:31:23,631 [INFO] CodeEngine:257 - Generated code: E:\221\MCU\MCU_Lab4\lab4_stm32\MXTmpFiles\gpio.tmp
2022-11-09 10:31:23,689 [INFO] CodeEngine:239 - oldGeneratedFile, E:\221\MCU\MCU_Lab4\lab4_stm32\Core\Src\stm32f1xx_it.c_save
2022-11-09 10:31:23,803 [INFO] CodeEngine:257 - Generated code: E:\221\MCU\MCU_Lab4\lab4_stm32\Core\Src\stm32f1xx_it.c
2022-11-09 10:31:23,807 [INFO] CodeEngine:239 - oldGeneratedFile, E:\221\MCU\MCU_Lab4\lab4_stm32\Core\Inc\stm32f1xx_it.h_save
2022-11-09 10:31:23,896 [INFO] CodeEngine:257 - Generated code: E:\221\MCU\MCU_Lab4\lab4_stm32\Core\Inc\stm32f1xx_it.h
2022-11-09 10:31:23,915 [INFO] CodeEngine:239 - oldGeneratedFile, E:\221\MCU\MCU_Lab4\lab4_stm32\Core\Src\stm32f1xx_hal_msp.c_save
2022-11-09 10:31:24,172 [INFO] CodeEngine:257 - Generated code: E:\221\MCU\MCU_Lab4\lab4_stm32\Core\Src\stm32f1xx_hal_msp.c
2022-11-09 10:31:24,175 [INFO] CodeEngine:239 - oldGeneratedFile, E:\221\MCU\MCU_Lab4\lab4_stm32\MXTmpFiles\system.tmp_save
2022-11-09 10:31:24,278 [INFO] CodeEngine:257 - Generated code: E:\221\MCU\MCU_Lab4\lab4_stm32\MXTmpFiles\system.tmp
2022-11-09 10:31:24,296 [INFO] CodeEngine:239 - oldGeneratedFile, E:\221\MCU\MCU_Lab4\lab4_stm32\Core\Inc\stm32f1xx_hal_conf.h_save
2022-11-09 10:31:24,400 [INFO] CodeEngine:257 - Generated code: E:\221\MCU\MCU_Lab4\lab4_stm32\Core\Inc\stm32f1xx_hal_conf.h
2022-11-09 10:31:24,416 [WARN] IPConfigManager:3148 - IP not found : TIM
2022-11-09 10:31:24,417 [WARN] CodeGenerator:3268 - IP not found : null
2022-11-09 10:31:24,429 [INFO] CodeEngine:239 - oldGeneratedFile, E:\221\MCU\MCU_Lab4\lab4_stm32\Core\Inc\main.h_save
2022-11-09 10:31:24,518 [INFO] CodeEngine:257 - Generated code: E:\221\MCU\MCU_Lab4\lab4_stm32\Core\Inc\main.h
2022-11-09 10:31:24,528 [INFO] CodeEngine:239 - oldGeneratedFile, E:\221\MCU\MCU_Lab4\lab4_stm32\Core\Src\main.c_save
2022-11-09 10:31:24,664 [INFO] CodeEngine:257 - Generated code: E:\221\MCU\MCU_Lab4\lab4_stm32\Core\Src\main.c
2022-11-09 10:31:25,991 [INFO] ProjectBuilder:2578 - Time for Copy HAL[1] : 174mS.
2022-11-09 10:31:25,994 [INFO] ProjectBuilder:3622 - Project Generator version: 3.14.1
2022-11-09 10:31:26,863 [INFO] ConfigFileManager:1271 - The Die is : DIE412
2022-11-09 10:31:29,900 [INFO] ProjectBuilder:3789 - Time for Generating toolchain IDE Files: 3906mS.
2022-11-09 10:31:29,901 [INFO] ProjectBuilder:2457 - Time for Copy CMSIS : 0mS.
2022-11-09 10:31:29,903 [INFO] ProjectBuilder:2457 - Time for Copy CMSIS : 0mS.
2022-11-09 11:15:54,920 [ERROR] LogOutputStream:74 - [STDERR_REDIRECT] [Fatal Error] :1:7: The string "--" is not permitted within comments.
2022-11-09 11:15:54,920 [ERROR] LogOutputStream:74 - [STDERR_REDIRECT] 
2022-11-09 11:15:55,152 [ERROR] LogOutputStream:74 - [STDERR_REDIRECT] [Fatal Error] :1:7: The string "--" is not permitted within comments.
2022-11-09 11:15:55,152 [ERROR] LogOutputStream:74 - [STDERR_REDIRECT] 
2022-11-09 11:15:55,324 [ERROR] LogOutputStream:74 - [STDERR_REDIRECT] [Fatal Error] :1:7: The string "--" is not permitted within comments.
2022-11-09 11:15:55,324 [ERROR] LogOutputStream:74 - [STDERR_REDIRECT] 
2022-11-09 11:17:45,885 [ERROR] LogOutputStream:74 - [STDERR_REDIRECT] [Fatal Error] :1:7: The string "--" is not permitted within comments.
2022-11-09 11:17:45,887 [ERROR] LogOutputStream:74 - [STDERR_REDIRECT] 
2022-11-09 11:17:45,973 [ERROR] LogOutputStream:74 - [STDERR_REDIRECT] [Fatal Error] :1:7: The string "--" is not permitted within comments.
2022-11-09 11:17:45,974 [ERROR] LogOutputStream:74 - [STDERR_REDIRECT] 
2022-11-09 11:17:46,101 [ERROR] LogOutputStream:74 - [STDERR_REDIRECT] [Fatal Error] :1:7: The string "--" is not permitted within comments.
2022-11-09 11:17:46,102 [ERROR] LogOutputStream:74 - [STDERR_REDIRECT] 
